[2022-11-18T23:20:51+08:00][sql] CONNECT:[ UseTime:0.001873s ] mysql:host=localhost;port=3306;dbname=testaa;charset=utf8
[2022-11-18T23:20:51+08:00][sql] SHOW FULL COLUMNS FROM `sts_admin_token` [ RunTime:0.012071s ]
[2022-11-18T23:20:51+08:00][sql] SELECT * FROM `sts_admin_token` WHERE  `aid` = 1  AND `token` = '509e6f1b-MUA3MWIz-91a7a2a5-YWEyOTUw' LIMIT 1 [ RunTime:0.004801s ]
[2022-11-18T23:20:51+08:00][sql] SHOW FULL COLUMNS FROM `sts_config` [ RunTime:0.002248s ]
[2022-11-18T23:20:51+08:00][sql] SELECT * FROM `sts_config` WHERE  `group` = 'admin_theme' [ RunTime:0.006989s ]
[2022-11-18T23:21:00+08:00][sql] CONNECT:[ UseTime:0.004478s ] mysql:host=localhost;port=3306;dbname=testaa;charset=utf8
[2022-11-18T23:21:00+08:00][sql] SHOW FULL COLUMNS FROM `sts_admin` [ RunTime:0.012204s ]
[2022-11-18T23:21:00+08:00][sql] SELECT * FROM `sts_admin` WHERE  `username` = 'admin' LIMIT 1 [ RunTime:0.003914s ]
[2022-11-18T23:21:07+08:00][sql] CONNECT:[ UseTime:0.002676s ] mysql:host=localhost;port=3306;dbname=testaa;charset=utf8
[2022-11-18T23:21:07+08:00][sql] SHOW FULL COLUMNS FROM `sts_admin` [ RunTime:0.006550s ]
[2022-11-18T23:21:07+08:00][sql] SELECT * FROM `sts_admin` WHERE  `username` = 'ssss' LIMIT 1 [ RunTime:0.002320s ]
[2022-11-18T23:21:07+08:00][sql] SHOW FULL COLUMNS FROM `sts_admin_token` [ RunTime:0.002812s ]
[2022-11-18T23:21:07+08:00][sql] INSERT INTO `sts_admin_token` SET `aid` = 6 , `app` = 'free' , `expire_second` = 2592000 , `expire_time` = '2022-12-18 23:21:07' , `active_time` = '2022-11-18 23:21:07' , `token` = '9b1e7030-NkA2YzE2-5942ba6e-NTdlNTli' , `create_time` = '2022-11-18 23:21:07.844261' , `update_time` = '2022-11-18 23:21:07.844279' [ RunTime:0.002805s ]
[2022-11-18T23:21:07+08:00][sql] SELECT * FROM `sts_admin` WHERE  `aid` = 6 LIMIT 1 [ RunTime:0.000645s ]
[2022-11-18T23:21:07+08:00][sql] SHOW FULL COLUMNS FROM `sts_admin_group` [ RunTime:0.000920s ]
[2022-11-18T23:21:07+08:00][sql] SELECT * FROM `sts_admin_group` WHERE  `id` = 1 [ RunTime:0.001665s ]
[2022-11-18T23:21:07+08:00][sql] SELECT * FROM `sts_admin_group` WHERE  `id` = 1 [ RunTime:0.000125s ]
[2022-11-18T23:21:07+08:00][sql] SELECT * FROM `sts_admin_group` WHERE  `id` = 1 [ RunTime:0.000076s ]
[2022-11-18T23:21:07+08:00][sql] SELECT * FROM `sts_admin_group` WHERE  `id` = 1 [ RunTime:0.000066s ]
[2022-11-18T23:21:08+08:00][sql] CONNECT:[ UseTime:0.002873s ] mysql:host=localhost;port=3306;dbname=testaa;charset=utf8
[2022-11-18T23:21:08+08:00][sql] SHOW FULL COLUMNS FROM `sts_admin_token` [ RunTime:0.009797s ]
[2022-11-18T23:21:08+08:00][sql] SELECT * FROM `sts_admin_token` WHERE  `aid` = 6  AND `token` = '9b1e7030-NkA2YzE2-5942ba6e-NTdlNTli' LIMIT 1 [ RunTime:0.001370s ]
[2022-11-18T23:21:08+08:00][sql] SHOW FULL COLUMNS FROM `sts_admin` [ RunTime:0.001428s ]
[2022-11-18T23:21:08+08:00][sql] SELECT * FROM `sts_admin` WHERE  `aid` = 6 LIMIT 1 [ RunTime:0.000545s ]
[2022-11-18T23:21:08+08:00][sql] SHOW FULL COLUMNS FROM `sts_admin_group` [ RunTime:0.001651s ]
[2022-11-18T23:21:08+08:00][sql] SELECT * FROM `sts_admin_group` WHERE  `id` = 1 [ RunTime:0.000333s ]
[2022-11-18T23:21:08+08:00][sql] SELECT * FROM `sts_admin_group` WHERE  `id` = 1 [ RunTime:0.000090s ]
[2022-11-18T23:21:08+08:00][sql] SELECT * FROM `sts_admin_group` WHERE  `id` = 1 [ RunTime:0.000066s ]
[2022-11-18T23:21:08+08:00][sql] SELECT * FROM `sts_admin_group` WHERE  `id` = 1 [ RunTime:0.000067s ]
[2022-11-18T23:21:08+08:00][sql] SHOW FULL COLUMNS FROM `sts_config` [ RunTime:0.000591s ]
[2022-11-18T23:21:08+08:00][sql] SELECT * FROM `sts_config` WHERE  `group` = 'admin_theme' [ RunTime:0.000866s ]
[2022-11-18T23:21:08+08:00][sql] SHOW FULL COLUMNS FROM `sts_admin_rule` [ RunTime:0.001120s ]
[2022-11-18T23:21:08+08:00][sql] SELECT * FROM `sts_admin_rule` [ RunTime:0.001464s ]
[2022-11-18T23:21:09+08:00][sql] CONNECT:[ UseTime:0.001911s ] mysql:host=localhost;port=3306;dbname=testaa;charset=utf8
[2022-11-18T23:21:09+08:00][sql] SHOW FULL COLUMNS FROM `sts_admin_token` [ RunTime:0.007924s ]
[2022-11-18T23:21:09+08:00][sql] SELECT * FROM `sts_admin_token` WHERE  `aid` = 6  AND `token` = '9b1e7030-NkA2YzE2-5942ba6e-NTdlNTli' LIMIT 1 [ RunTime:0.003473s ]
[2022-11-18T23:21:09+08:00][sql] SHOW FULL COLUMNS FROM `sts_admin` [ RunTime:0.001168s ]
[2022-11-18T23:21:09+08:00][sql] SELECT * FROM `sts_admin` WHERE  `aid` = 6 LIMIT 1 [ RunTime:0.001692s ]
[2022-11-18T23:21:09+08:00][sql] SHOW FULL COLUMNS FROM `sts_admin_group` [ RunTime:0.001431s ]
[2022-11-18T23:21:09+08:00][sql] SELECT * FROM `sts_admin_group` WHERE  `id` = 1 [ RunTime:0.000528s ]
[2022-11-18T23:21:09+08:00][sql] SELECT * FROM `sts_admin_group` WHERE  `id` = 1 [ RunTime:0.006433s ]
[2022-11-18T23:21:09+08:00][sql] SELECT * FROM `sts_admin_group` WHERE  `id` = 1 [ RunTime:0.000306s ]
[2022-11-18T23:21:09+08:00][sql] SELECT * FROM `sts_admin_group` WHERE  `id` = 1 [ RunTime:0.000107s ]
[2022-11-18T23:21:09+08:00][sql] SELECT * FROM `sts_admin_group` WHERE  `id` = 1 [ RunTime:0.000093s ]
[2022-11-18T23:21:09+08:00][sql] SHOW FULL COLUMNS FROM `sts_config` [ RunTime:0.001839s ]
[2022-11-18T23:21:09+08:00][sql] SELECT * FROM `sts_config` WHERE  `group` = 'admin_theme' [ RunTime:0.002098s ]
[2022-11-18T23:21:09+08:00][sql] SELECT `value` FROM `sts_config` WHERE  `name` = 'group' LIMIT 1 [ RunTime:0.000277s ]
[2022-11-18T23:21:09+08:00][sql] SELECT * FROM `sts_config` ORDER BY `weight` ASC [ RunTime:0.000179s ]
[2022-11-18T23:21:09+08:00][sql] CONNECT:[ UseTime:0.002041s ] mysql:host=localhost;port=3306;dbname=testaa;charset=utf8
[2022-11-18T23:21:09+08:00][sql] SHOW FULL COLUMNS FROM `sts_admin_token` [ RunTime:0.005714s ]
[2022-11-18T23:21:09+08:00][sql] SELECT * FROM `sts_admin_token` WHERE  `aid` = 6  AND `token` = '9b1e7030-NkA2YzE2-5942ba6e-NTdlNTli' LIMIT 1 [ RunTime:0.001942s ]
[2022-11-18T23:21:09+08:00][sql] SHOW FULL COLUMNS FROM `sts_admin` [ RunTime:0.002149s ]
[2022-11-18T23:21:09+08:00][sql] SELECT * FROM `sts_admin` WHERE  `aid` = 6 LIMIT 1 [ RunTime:0.001227s ]
[2022-11-18T23:21:09+08:00][sql] SHOW FULL COLUMNS FROM `sts_admin_group` [ RunTime:0.000734s ]
[2022-11-18T23:21:09+08:00][sql] SELECT * FROM `sts_admin_group` WHERE  `id` = 1 [ RunTime:0.001170s ]
[2022-11-18T23:21:09+08:00][sql] SELECT * FROM `sts_admin_group` WHERE  `id` = 1 [ RunTime:0.011166s ]
[2022-11-18T23:21:09+08:00][sql] SELECT * FROM `sts_admin_group` WHERE  `id` = 1 [ RunTime:0.000389s ]
[2022-11-18T23:21:09+08:00][sql] SELECT * FROM `sts_admin_group` WHERE  `id` = 1 [ RunTime:0.000088s ]
[2022-11-18T23:21:09+08:00][sql] SELECT * FROM `sts_admin_group` WHERE  `id` = 1 [ RunTime:0.000112s ]
[2022-11-18T23:21:09+08:00][sql] SHOW FULL COLUMNS FROM `sts_config` [ RunTime:0.001050s ]
[2022-11-18T23:21:09+08:00][sql] SELECT * FROM `sts_config` WHERE  `group` = 'admin_theme' [ RunTime:0.001264s ]
[2022-11-18T23:21:43+08:00][sql] CONNECT:[ UseTime:0.001034s ] mysql:host=localhost;port=3306;dbname=testaa;charset=utf8
[2022-11-18T23:21:43+08:00][sql] SHOW FULL COLUMNS FROM `sts_admin_token` [ RunTime:0.004730s ]
[2022-11-18T23:21:43+08:00][sql] SELECT * FROM `sts_admin_token` WHERE  `aid` = 6  AND `token` = '9b1e7030-NkA2YzE2-5942ba6e-NTdlNTli' LIMIT 1 [ RunTime:0.000551s ]
[2022-11-18T23:21:43+08:00][sql] SHOW FULL COLUMNS FROM `sts_admin` [ RunTime:0.001666s ]
[2022-11-18T23:21:43+08:00][sql] SELECT * FROM `sts_admin` WHERE  `aid` = 6 LIMIT 1 [ RunTime:0.000637s ]
[2022-11-18T23:21:43+08:00][sql] SHOW FULL COLUMNS FROM `sts_admin_group` [ RunTime:0.000506s ]
[2022-11-18T23:21:43+08:00][sql] SELECT * FROM `sts_admin_group` WHERE  `id` = 1 [ RunTime:0.000135s ]
[2022-11-18T23:21:43+08:00][sql] SELECT * FROM `sts_admin_group` WHERE  `id` = 1 [ RunTime:0.000113s ]
[2022-11-18T23:21:43+08:00][sql] SELECT * FROM `sts_admin_group` WHERE  `id` = 1 [ RunTime:0.000071s ]
[2022-11-18T23:21:43+08:00][sql] SELECT * FROM `sts_admin_group` WHERE  `id` = 1 [ RunTime:0.000058s ]
[2022-11-18T23:21:43+08:00][sql] SHOW FULL COLUMNS FROM `sts_config` [ RunTime:0.000999s ]
[2022-11-18T23:21:43+08:00][sql] SELECT * FROM `sts_config` WHERE  `group` = 'admin_theme' [ RunTime:0.000674s ]
[2022-11-18T23:21:43+08:00][sql] SHOW FULL COLUMNS FROM `sts_admin_rule` [ RunTime:0.001050s ]
[2022-11-18T23:21:43+08:00][sql] SELECT * FROM `sts_admin_rule` [ RunTime:0.000432s ]
[2022-11-18T23:21:44+08:00][sql] CONNECT:[ UseTime:0.001948s ] mysql:host=localhost;port=3306;dbname=testaa;charset=utf8
[2022-11-18T23:21:44+08:00][sql] SHOW FULL COLUMNS FROM `sts_admin_token` [ RunTime:0.006970s ]
[2022-11-18T23:21:44+08:00][sql] SELECT * FROM `sts_admin_token` WHERE  `aid` = 6  AND `token` = '9b1e7030-NkA2YzE2-5942ba6e-NTdlNTli' LIMIT 1 [ RunTime:0.002692s ]
[2022-11-18T23:21:44+08:00][sql] SHOW FULL COLUMNS FROM `sts_admin` [ RunTime:0.000950s ]
[2022-11-18T23:21:44+08:00][sql] SELECT * FROM `sts_admin` WHERE  `aid` = 6 LIMIT 1 [ RunTime:0.004142s ]
[2022-11-18T23:21:44+08:00][sql] SHOW FULL COLUMNS FROM `sts_admin_group` [ RunTime:0.000976s ]
[2022-11-18T23:21:44+08:00][sql] SELECT * FROM `sts_admin_group` WHERE  `id` = 1 [ RunTime:0.002885s ]
[2022-11-18T23:21:44+08:00][sql] SELECT * FROM `sts_admin_group` WHERE  `id` = 1 [ RunTime:0.000637s ]
[2022-11-18T23:21:44+08:00][sql] SELECT * FROM `sts_admin_group` WHERE  `id` = 1 [ RunTime:0.000156s ]
[2022-11-18T23:21:44+08:00][sql] SELECT * FROM `sts_admin_group` WHERE  `id` = 1 [ RunTime:0.000513s ]
[2022-11-18T23:21:44+08:00][sql] SELECT * FROM `sts_admin_group` WHERE  `id` = 1 [ RunTime:0.000068s ]
[2022-11-18T23:21:44+08:00][sql] SHOW FULL COLUMNS FROM `sts_config` [ RunTime:0.000683s ]
[2022-11-18T23:21:44+08:00][sql] SELECT * FROM `sts_config` WHERE  `group` = 'admin_theme' [ RunTime:0.001151s ]
[2022-11-18T23:21:44+08:00][sql] SELECT `value` FROM `sts_config` WHERE  `name` = 'group' LIMIT 1 [ RunTime:0.000124s ]
[2022-11-18T23:21:44+08:00][sql] SELECT * FROM `sts_config` ORDER BY `weight` ASC [ RunTime:0.000372s ]
[2022-11-18T23:21:44+08:00][sql] CONNECT:[ UseTime:0.006596s ] mysql:host=localhost;port=3306;dbname=testaa;charset=utf8
[2022-11-18T23:21:44+08:00][sql] SHOW FULL COLUMNS FROM `sts_admin_token` [ RunTime:0.007064s ]
[2022-11-18T23:21:44+08:00][sql] SELECT * FROM `sts_admin_token` WHERE  `aid` = 6  AND `token` = '9b1e7030-NkA2YzE2-5942ba6e-NTdlNTli' LIMIT 1 [ RunTime:0.006155s ]
[2022-11-18T23:21:44+08:00][sql] SHOW FULL COLUMNS FROM `sts_admin` [ RunTime:0.000896s ]
[2022-11-18T23:21:44+08:00][sql] SELECT * FROM `sts_admin` WHERE  `aid` = 6 LIMIT 1 [ RunTime:0.002131s ]
[2022-11-18T23:21:44+08:00][sql] SHOW FULL COLUMNS FROM `sts_admin_group` [ RunTime:0.001035s ]
[2022-11-18T23:21:44+08:00][sql] SELECT * FROM `sts_admin_group` WHERE  `id` = 1 [ RunTime:0.001871s ]
[2022-11-18T23:21:44+08:00][sql] SELECT * FROM `sts_admin_group` WHERE  `id` = 1 [ RunTime:0.000081s ]
[2022-11-18T23:21:44+08:00][sql] SELECT * FROM `sts_admin_group` WHERE  `id` = 1 [ RunTime:0.000062s ]
[2022-11-18T23:21:44+08:00][sql] SELECT * FROM `sts_admin_group` WHERE  `id` = 1 [ RunTime:0.000056s ]
[2022-11-18T23:21:44+08:00][sql] SELECT * FROM `sts_admin_group` WHERE  `id` = 1 [ RunTime:0.000056s ]
[2022-11-18T23:21:44+08:00][sql] SHOW FULL COLUMNS FROM `sts_config` [ RunTime:0.000452s ]
[2022-11-18T23:21:44+08:00][sql] SELECT * FROM `sts_config` WHERE  `group` = 'admin_theme' [ RunTime:0.003419s ]
[2022-11-18T23:28:50+08:00][sql] CONNECT:[ UseTime:0.002942s ] mysql:host=localhost;port=3306;dbname=testaa;charset=utf8
[2022-11-18T23:28:50+08:00][sql] SHOW FULL COLUMNS FROM `sts_admin_token` [ RunTime:0.004752s ]
[2022-11-18T23:28:50+08:00][sql] SELECT * FROM `sts_admin_token` WHERE  `aid` = 6  AND `token` = '9b1e7030-NkA2YzE2-5942ba6e-NTdlNTli' LIMIT 1 [ RunTime:0.000926s ]
[2022-11-18T23:28:50+08:00][sql] SHOW FULL COLUMNS FROM `sts_admin` [ RunTime:0.000805s ]
[2022-11-18T23:28:50+08:00][sql] SELECT * FROM `sts_admin` WHERE  `aid` = 6 LIMIT 1 [ RunTime:0.001013s ]
[2022-11-18T23:28:50+08:00][sql] SHOW FULL COLUMNS FROM `sts_admin_group` [ RunTime:0.001257s ]
[2022-11-18T23:28:50+08:00][sql] SELECT * FROM `sts_admin_group` WHERE  `id` = 1 [ RunTime:0.000373s ]
[2022-11-18T23:28:50+08:00][sql] SELECT * FROM `sts_admin_group` WHERE  `id` = 1 [ RunTime:0.000427s ]
[2022-11-18T23:28:50+08:00][sql] SELECT * FROM `sts_admin_group` WHERE  `id` = 1 [ RunTime:0.000070s ]
[2022-11-18T23:28:50+08:00][sql] SELECT * FROM `sts_admin_group` WHERE  `id` = 1 [ RunTime:0.000067s ]
[2022-11-18T23:28:50+08:00][sql] SHOW FULL COLUMNS FROM `sts_config` [ RunTime:0.001786s ]
[2022-11-18T23:28:50+08:00][sql] SELECT * FROM `sts_config` WHERE  `group` = 'admin_theme' [ RunTime:0.000509s ]
[2022-11-18T23:28:50+08:00][sql] SHOW FULL COLUMNS FROM `sts_admin_rule` [ RunTime:0.000754s ]
[2022-11-18T23:28:50+08:00][sql] SELECT * FROM `sts_admin_rule` [ RunTime:0.000557s ]
[2022-11-18T23:28:51+08:00][sql] CONNECT:[ UseTime:0.001894s ] mysql:host=localhost;port=3306;dbname=testaa;charset=utf8
[2022-11-18T23:28:51+08:00][sql] SHOW FULL COLUMNS FROM `sts_admin_token` [ RunTime:0.004103s ]
[2022-11-18T23:28:51+08:00][sql] SELECT * FROM `sts_admin_token` WHERE  `aid` = 6  AND `token` = '9b1e7030-NkA2YzE2-5942ba6e-NTdlNTli' LIMIT 1 [ RunTime:0.003624s ]
[2022-11-18T23:28:51+08:00][sql] SHOW FULL COLUMNS FROM `sts_admin` [ RunTime:0.001624s ]
[2022-11-18T23:28:51+08:00][sql] SELECT * FROM `sts_admin` WHERE  `aid` = 6 LIMIT 1 [ RunTime:0.001208s ]
[2022-11-18T23:28:51+08:00][sql] SHOW FULL COLUMNS FROM `sts_admin_group` [ RunTime:0.002724s ]
[2022-11-18T23:28:51+08:00][sql] SELECT * FROM `sts_admin_group` WHERE  `id` = 1 [ RunTime:0.003509s ]
[2022-11-18T23:28:51+08:00][sql] SELECT * FROM `sts_admin_group` WHERE  `id` = 1 [ RunTime:0.000153s ]
[2022-11-18T23:28:51+08:00][sql] SELECT * FROM `sts_admin_group` WHERE  `id` = 1 [ RunTime:0.000084s ]
[2022-11-18T23:28:51+08:00][sql] SELECT * FROM `sts_admin_group` WHERE  `id` = 1 [ RunTime:0.000081s ]
[2022-11-18T23:28:51+08:00][sql] SELECT * FROM `sts_admin_group` WHERE  `id` = 1 [ RunTime:0.000383s ]
[2022-11-18T23:28:51+08:00][sql] SHOW FULL COLUMNS FROM `sts_config` [ RunTime:0.001042s ]
[2022-11-18T23:28:51+08:00][sql] SELECT * FROM `sts_config` WHERE  `group` = 'admin_theme' [ RunTime:0.002348s ]
[2022-11-18T23:28:51+08:00][sql] SELECT `value` FROM `sts_config` WHERE  `name` = 'group' LIMIT 1 [ RunTime:0.000250s ]
[2022-11-18T23:28:51+08:00][sql] SELECT * FROM `sts_config` ORDER BY `weight` ASC [ RunTime:0.000161s ]
[2022-11-18T23:28:51+08:00][sql] CONNECT:[ UseTime:0.001289s ] mysql:host=localhost;port=3306;dbname=testaa;charset=utf8
[2022-11-18T23:28:51+08:00][sql] SHOW FULL COLUMNS FROM `sts_admin_token` [ RunTime:0.006822s ]
[2022-11-18T23:28:51+08:00][sql] SELECT * FROM `sts_admin_token` WHERE  `aid` = 6  AND `token` = '9b1e7030-NkA2YzE2-5942ba6e-NTdlNTli' LIMIT 1 [ RunTime:0.002200s ]
[2022-11-18T23:28:51+08:00][sql] SHOW FULL COLUMNS FROM `sts_admin` [ RunTime:0.000770s ]
[2022-11-18T23:28:51+08:00][sql] SELECT * FROM `sts_admin` WHERE  `aid` = 6 LIMIT 1 [ RunTime:0.001599s ]
[2022-11-18T23:28:51+08:00][sql] SHOW FULL COLUMNS FROM `sts_admin_group` [ RunTime:0.000680s ]
[2022-11-18T23:28:51+08:00][sql] SELECT * FROM `sts_admin_group` WHERE  `id` = 1 [ RunTime:0.000290s ]
[2022-11-18T23:28:51+08:00][sql] SELECT * FROM `sts_admin_group` WHERE  `id` = 1 [ RunTime:0.000118s ]
[2022-11-18T23:28:51+08:00][sql] SELECT * FROM `sts_admin_group` WHERE  `id` = 1 [ RunTime:0.000362s ]
[2022-11-18T23:28:51+08:00][sql] SELECT * FROM `sts_admin_group` WHERE  `id` = 1 [ RunTime:0.000093s ]
[2022-11-18T23:28:51+08:00][sql] SELECT * FROM `sts_admin_group` WHERE  `id` = 1 [ RunTime:0.000095s ]
[2022-11-18T23:28:51+08:00][sql] SHOW FULL COLUMNS FROM `sts_config` [ RunTime:0.003798s ]
[2022-11-18T23:28:51+08:00][sql] SELECT * FROM `sts_config` WHERE  `group` = 'admin_theme' [ RunTime:0.003147s ]
[2022-11-18T23:31:55+08:00][sql] CONNECT:[ UseTime:0.002302s ] mysql:host=localhost;port=3306;dbname=testaa;charset=utf8
[2022-11-18T23:31:55+08:00][sql] SHOW FULL COLUMNS FROM `sts_admin_token` [ RunTime:0.003482s ]
[2022-11-18T23:31:55+08:00][sql] SELECT * FROM `sts_admin_token` WHERE  `aid` = 6  AND `token` = '9b1e7030-NkA2YzE2-5942ba6e-NTdlNTli' LIMIT 1 [ RunTime:0.000278s ]
[2022-11-18T23:31:55+08:00][sql] SHOW FULL COLUMNS FROM `sts_admin` [ RunTime:0.001078s ]
[2022-11-18T23:31:55+08:00][sql] SELECT * FROM `sts_admin` WHERE  `aid` = 6 LIMIT 1 [ RunTime:0.000621s ]
[2022-11-18T23:31:55+08:00][sql] SHOW FULL COLUMNS FROM `sts_admin_group` [ RunTime:0.000685s ]
[2022-11-18T23:31:55+08:00][sql] SELECT * FROM `sts_admin_group` WHERE  `id` = 1 [ RunTime:0.000234s ]
[2022-11-18T23:31:55+08:00][sql] SELECT * FROM `sts_admin_group` WHERE  `id` = 1 [ RunTime:0.000121s ]
[2022-11-18T23:31:55+08:00][sql] SELECT * FROM `sts_admin_group` WHERE  `id` = 1 [ RunTime:0.000089s ]
[2022-11-18T23:31:55+08:00][sql] SELECT * FROM `sts_admin_group` WHERE  `id` = 1 [ RunTime:0.000067s ]
[2022-11-18T23:31:55+08:00][sql] SHOW FULL COLUMNS FROM `sts_config` [ RunTime:0.000632s ]
[2022-11-18T23:31:55+08:00][sql] SELECT * FROM `sts_config` WHERE  `group` = 'admin_theme' [ RunTime:0.000317s ]
[2022-11-18T23:31:55+08:00][sql] SHOW FULL COLUMNS FROM `sts_admin_rule` [ RunTime:0.000865s ]
[2022-11-18T23:31:55+08:00][sql] SELECT * FROM `sts_admin_rule` [ RunTime:0.001088s ]
[2022-11-18T23:31:56+08:00][sql] CONNECT:[ UseTime:0.006170s ] mysql:host=localhost;port=3306;dbname=testaa;charset=utf8
[2022-11-18T23:31:56+08:00][sql] SHOW FULL COLUMNS FROM `sts_admin_token` [ RunTime:0.009647s ]
[2022-11-18T23:31:56+08:00][sql] SELECT * FROM `sts_admin_token` WHERE  `aid` = 6  AND `token` = '9b1e7030-NkA2YzE2-5942ba6e-NTdlNTli' LIMIT 1 [ RunTime:0.012288s ]
[2022-11-18T23:31:56+08:00][sql] SHOW FULL COLUMNS FROM `sts_admin` [ RunTime:0.001677s ]
[2022-11-18T23:31:56+08:00][sql] SELECT * FROM `sts_admin` WHERE  `aid` = 6 LIMIT 1 [ RunTime:0.000845s ]
[2022-11-18T23:31:56+08:00][sql] SHOW FULL COLUMNS FROM `sts_admin_group` [ RunTime:0.024131s ]
[2022-11-18T23:31:56+08:00][sql] SELECT * FROM `sts_admin_group` WHERE  `id` = 1 [ RunTime:0.000854s ]
[2022-11-18T23:31:56+08:00][sql] SELECT * FROM `sts_admin_group` WHERE  `id` = 1 [ RunTime:0.002385s ]
[2022-11-18T23:31:56+08:00][sql] SELECT * FROM `sts_admin_group` WHERE  `id` = 1 [ RunTime:0.002310s ]
[2022-11-18T23:31:56+08:00][sql] SELECT * FROM `sts_admin_group` WHERE  `id` = 1 [ RunTime:0.000270s ]
[2022-11-18T23:31:56+08:00][sql] SELECT * FROM `sts_admin_group` WHERE  `id` = 1 [ RunTime:0.001109s ]
[2022-11-18T23:31:56+08:00][sql] SHOW FULL COLUMNS FROM `sts_config` [ RunTime:0.001888s ]
[2022-11-18T23:31:56+08:00][sql] SELECT * FROM `sts_config` WHERE  `group` = 'admin_theme' [ RunTime:0.000870s ]
[2022-11-18T23:31:56+08:00][sql] CONNECT:[ UseTime:0.002284s ] mysql:host=localhost;port=3306;dbname=testaa;charset=utf8
[2022-11-18T23:31:56+08:00][sql] SHOW FULL COLUMNS FROM `sts_admin_token` [ RunTime:0.031937s ]
[2022-11-18T23:31:56+08:00][sql] SELECT * FROM `sts_admin_token` WHERE  `aid` = 6  AND `token` = '9b1e7030-NkA2YzE2-5942ba6e-NTdlNTli' LIMIT 1 [ RunTime:0.011216s ]
[2022-11-18T23:31:56+08:00][sql] SHOW FULL COLUMNS FROM `sts_admin` [ RunTime:0.003176s ]
[2022-11-18T23:31:56+08:00][sql] SELECT * FROM `sts_admin` WHERE  `aid` = 6 LIMIT 1 [ RunTime:0.000626s ]
[2022-11-18T23:31:56+08:00][sql] SHOW FULL COLUMNS FROM `sts_admin_group` [ RunTime:0.002271s ]
[2022-11-18T23:31:56+08:00][sql] SELECT * FROM `sts_admin_group` WHERE  `id` = 1 [ RunTime:0.001309s ]
[2022-11-18T23:31:56+08:00][sql] SELECT * FROM `sts_admin_group` WHERE  `id` = 1 [ RunTime:0.000519s ]
[2022-11-18T23:31:56+08:00][sql] SELECT * FROM `sts_admin_group` WHERE  `id` = 1 [ RunTime:0.000085s ]
[2022-11-18T23:31:56+08:00][sql] SELECT * FROM `sts_admin_group` WHERE  `id` = 1 [ RunTime:0.000085s ]
[2022-11-18T23:31:56+08:00][sql] SELECT * FROM `sts_admin_group` WHERE  `id` = 1 [ RunTime:0.000493s ]
[2022-11-18T23:31:56+08:00][sql] SHOW FULL COLUMNS FROM `sts_config` [ RunTime:0.000673s ]
[2022-11-18T23:31:56+08:00][sql] SELECT * FROM `sts_config` WHERE  `group` = 'admin_theme' [ RunTime:0.001083s ]
[2022-11-18T23:31:56+08:00][sql] SELECT `value` FROM `sts_config` WHERE  `name` = 'group' LIMIT 1 [ RunTime:0.000358s ]
[2022-11-18T23:31:56+08:00][sql] SELECT * FROM `sts_config` ORDER BY `weight` ASC [ RunTime:0.000450s ]
[2022-11-18T23:35:35+08:00][sql] CONNECT:[ UseTime:0.001703s ] mysql:host=localhost;port=3306;dbname=testaa;charset=utf8
[2022-11-18T23:35:35+08:00][sql] SHOW FULL COLUMNS FROM `sts_admin_token` [ RunTime:0.002574s ]
[2022-11-18T23:35:35+08:00][sql] SELECT * FROM `sts_admin_token` WHERE  `aid` = 6  AND `token` = '9b1e7030-NkA2YzE2-5942ba6e-NTdlNTli' LIMIT 1 [ RunTime:0.001090s ]
[2022-11-18T23:35:35+08:00][sql] SHOW FULL COLUMNS FROM `sts_admin` [ RunTime:0.000675s ]
[2022-11-18T23:35:35+08:00][sql] SELECT * FROM `sts_admin` WHERE  `aid` = 6 LIMIT 1 [ RunTime:0.000244s ]
[2022-11-18T23:35:35+08:00][sql] SHOW FULL COLUMNS FROM `sts_admin_group` [ RunTime:0.000511s ]
[2022-11-18T23:35:35+08:00][sql] SELECT * FROM `sts_admin_group` WHERE  `id` = 1 [ RunTime:0.000166s ]
[2022-11-18T23:35:35+08:00][sql] SELECT * FROM `sts_admin_group` WHERE  `id` = 1 [ RunTime:0.000127s ]
[2022-11-18T23:35:35+08:00][sql] SELECT * FROM `sts_admin_group` WHERE  `id` = 1 [ RunTime:0.000079s ]
[2022-11-18T23:35:35+08:00][sql] SELECT * FROM `sts_admin_group` WHERE  `id` = 1 [ RunTime:0.000063s ]
[2022-11-18T23:35:35+08:00][sql] SHOW FULL COLUMNS FROM `sts_config` [ RunTime:0.000848s ]
[2022-11-18T23:35:35+08:00][sql] SELECT * FROM `sts_config` WHERE  `group` = 'admin_theme' [ RunTime:0.000442s ]
[2022-11-18T23:35:35+08:00][sql] SHOW FULL COLUMNS FROM `sts_admin_rule` [ RunTime:0.001043s ]
[2022-11-18T23:35:35+08:00][sql] SELECT * FROM `sts_admin_rule` [ RunTime:0.000709s ]
[2022-11-18T23:35:35+08:00][sql] CONNECT:[ UseTime:0.002327s ] mysql:host=localhost;port=3306;dbname=testaa;charset=utf8
[2022-11-18T23:35:35+08:00][sql] SHOW FULL COLUMNS FROM `sts_admin_token` [ RunTime:0.003455s ]
[2022-11-18T23:35:35+08:00][sql] SELECT * FROM `sts_admin_token` WHERE  `aid` = 6  AND `token` = '9b1e7030-NkA2YzE2-5942ba6e-NTdlNTli' LIMIT 1 [ RunTime:0.004841s ]
[2022-11-18T23:35:35+08:00][sql] SHOW FULL COLUMNS FROM `sts_admin` [ RunTime:0.000839s ]
[2022-11-18T23:35:35+08:00][sql] SELECT * FROM `sts_admin` WHERE  `aid` = 6 LIMIT 1 [ RunTime:0.001399s ]
[2022-11-18T23:35:35+08:00][sql] SHOW FULL COLUMNS FROM `sts_admin_group` [ RunTime:0.001624s ]
[2022-11-18T23:35:35+08:00][sql] SELECT * FROM `sts_admin_group` WHERE  `id` = 1 [ RunTime:0.001074s ]
[2022-11-18T23:35:35+08:00][sql] SELECT * FROM `sts_admin_group` WHERE  `id` = 1 [ RunTime:0.001211s ]
[2022-11-18T23:35:35+08:00][sql] SELECT * FROM `sts_admin_group` WHERE  `id` = 1 [ RunTime:0.000301s ]
[2022-11-18T23:35:35+08:00][sql] SELECT * FROM `sts_admin_group` WHERE  `id` = 1 [ RunTime:0.000285s ]
[2022-11-18T23:35:35+08:00][sql] SELECT * FROM `sts_admin_group` WHERE  `id` = 1 [ RunTime:0.000265s ]
[2022-11-18T23:35:35+08:00][sql] SHOW FULL COLUMNS FROM `sts_config` [ RunTime:0.000745s ]
[2022-11-18T23:35:35+08:00][sql] SELECT * FROM `sts_config` WHERE  `group` = 'admin_theme' [ RunTime:0.004297s ]
[2022-11-18T23:35:35+08:00][sql] SELECT `value` FROM `sts_config` WHERE  `name` = 'group' LIMIT 1 [ RunTime:0.000346s ]
[2022-11-18T23:35:35+08:00][sql] SELECT * FROM `sts_config` ORDER BY `weight` ASC [ RunTime:0.001335s ]
[2022-11-18T23:35:35+08:00][sql] CONNECT:[ UseTime:0.001709s ] mysql:host=localhost;port=3306;dbname=testaa;charset=utf8
[2022-11-18T23:35:35+08:00][sql] SHOW FULL COLUMNS FROM `sts_admin_token` [ RunTime:0.002833s ]
[2022-11-18T23:35:35+08:00][sql] SELECT * FROM `sts_admin_token` WHERE  `aid` = 6  AND `token` = '9b1e7030-NkA2YzE2-5942ba6e-NTdlNTli' LIMIT 1 [ RunTime:0.000331s ]
[2022-11-18T23:35:35+08:00][sql] SHOW FULL COLUMNS FROM `sts_admin` [ RunTime:0.001805s ]
[2022-11-18T23:35:35+08:00][sql] SELECT * FROM `sts_admin` WHERE  `aid` = 6 LIMIT 1 [ RunTime:0.001410s ]
[2022-11-18T23:35:35+08:00][sql] SHOW FULL COLUMNS FROM `sts_admin_group` [ RunTime:0.001958s ]
[2022-11-18T23:35:35+08:00][sql] SELECT * FROM `sts_admin_group` WHERE  `id` = 1 [ RunTime:0.000869s ]
[2022-11-18T23:35:35+08:00][sql] SELECT * FROM `sts_admin_group` WHERE  `id` = 1 [ RunTime:0.000220s ]
[2022-11-18T23:35:35+08:00][sql] SELECT * FROM `sts_admin_group` WHERE  `id` = 1 [ RunTime:0.000343s ]
[2022-11-18T23:35:35+08:00][sql] SELECT * FROM `sts_admin_group` WHERE  `id` = 1 [ RunTime:0.000261s ]
[2022-11-18T23:35:35+08:00][sql] SELECT * FROM `sts_admin_group` WHERE  `id` = 1 [ RunTime:0.000264s ]
[2022-11-18T23:35:35+08:00][sql] SHOW FULL COLUMNS FROM `sts_config` [ RunTime:0.001536s ]
[2022-11-18T23:35:35+08:00][sql] SELECT * FROM `sts_config` WHERE  `group` = 'admin_theme' [ RunTime:0.001089s ]
[2022-11-18T23:48:03+08:00][sql] CONNECT:[ UseTime:0.001547s ] mysql:host=localhost;port=3306;dbname=testaa;charset=utf8
[2022-11-18T23:48:03+08:00][sql] SHOW FULL COLUMNS FROM `sts_admin_token` [ RunTime:0.004278s ]
[2022-11-18T23:48:03+08:00][sql] SELECT * FROM `sts_admin_token` WHERE  `aid` = 6  AND `token` = '9b1e7030-NkA2YzE2-5942ba6e-NTdlNTli' LIMIT 1 [ RunTime:0.000749s ]
[2022-11-18T23:48:03+08:00][sql] SHOW FULL COLUMNS FROM `sts_admin` [ RunTime:0.000756s ]
[2022-11-18T23:48:03+08:00][sql] SELECT * FROM `sts_admin` WHERE  `aid` = 6 LIMIT 1 [ RunTime:0.000636s ]
[2022-11-18T23:48:03+08:00][sql] SHOW FULL COLUMNS FROM `sts_admin_group` [ RunTime:0.000489s ]
[2022-11-18T23:48:03+08:00][sql] SELECT * FROM `sts_admin_group` WHERE  `id` = 1 [ RunTime:0.000170s ]
[2022-11-18T23:48:03+08:00][sql] SELECT * FROM `sts_admin_group` WHERE  `id` = 1 [ RunTime:0.000158s ]
[2022-11-18T23:48:03+08:00][sql] SELECT * FROM `sts_admin_group` WHERE  `id` = 1 [ RunTime:0.000082s ]
[2022-11-18T23:48:03+08:00][sql] SELECT * FROM `sts_admin_group` WHERE  `id` = 1 [ RunTime:0.000075s ]
[2022-11-18T23:48:03+08:00][sql] SHOW FULL COLUMNS FROM `sts_config` [ RunTime:0.000768s ]
[2022-11-18T23:48:03+08:00][sql] SELECT * FROM `sts_config` WHERE  `group` = 'admin_theme' [ RunTime:0.000590s ]
[2022-11-18T23:48:03+08:00][sql] SHOW FULL COLUMNS FROM `sts_admin_rule` [ RunTime:0.000648s ]
[2022-11-18T23:48:03+08:00][sql] SELECT * FROM `sts_admin_rule` [ RunTime:0.000459s ]
[2022-11-18T23:48:03+08:00][sql] CONNECT:[ UseTime:0.005144s ] mysql:host=localhost;port=3306;dbname=testaa;charset=utf8
[2022-11-18T23:48:03+08:00][sql] SHOW FULL COLUMNS FROM `sts_admin_token` [ RunTime:0.004819s ]
[2022-11-18T23:48:03+08:00][sql] SELECT * FROM `sts_admin_token` WHERE  `aid` = 6  AND `token` = '9b1e7030-NkA2YzE2-5942ba6e-NTdlNTli' LIMIT 1 [ RunTime:0.001568s ]
[2022-11-18T23:48:03+08:00][sql] SHOW FULL COLUMNS FROM `sts_admin` [ RunTime:0.003610s ]
[2022-11-18T23:48:03+08:00][sql] SELECT * FROM `sts_admin` WHERE  `aid` = 6 LIMIT 1 [ RunTime:0.001349s ]
[2022-11-18T23:48:03+08:00][sql] SHOW FULL COLUMNS FROM `sts_admin_group` [ RunTime:0.003978s ]
[2022-11-18T23:48:03+08:00][sql] SELECT * FROM `sts_admin_group` WHERE  `id` = 1 [ RunTime:0.003164s ]
[2022-11-18T23:48:03+08:00][sql] SELECT * FROM `sts_admin_group` WHERE  `id` = 1 [ RunTime:0.000248s ]
[2022-11-18T23:48:03+08:00][sql] SELECT * FROM `sts_admin_group` WHERE  `id` = 1 [ RunTime:0.000680s ]
[2022-11-18T23:48:03+08:00][sql] SELECT * FROM `sts_admin_group` WHERE  `id` = 1 [ RunTime:0.000123s ]
[2022-11-18T23:48:03+08:00][sql] SELECT * FROM `sts_admin_group` WHERE  `id` = 1 [ RunTime:0.000128s ]
[2022-11-18T23:48:03+08:00][sql] SHOW FULL COLUMNS FROM `sts_config` [ RunTime:0.000661s ]
[2022-11-18T23:48:03+08:00][sql] SELECT * FROM `sts_config` WHERE  `group` = 'admin_theme' [ RunTime:0.001162s ]
[2022-11-18T23:48:03+08:00][sql] SELECT `value` FROM `sts_config` WHERE  `name` = 'group' LIMIT 1 [ RunTime:0.000442s ]
[2022-11-18T23:48:03+08:00][sql] SELECT * FROM `sts_config` ORDER BY `weight` ASC [ RunTime:0.000170s ]
[2022-11-18T23:48:03+08:00][sql] CONNECT:[ UseTime:0.001311s ] mysql:host=localhost;port=3306;dbname=testaa;charset=utf8
[2022-11-18T23:48:03+08:00][sql] SHOW FULL COLUMNS FROM `sts_admin_token` [ RunTime:0.005471s ]
[2022-11-18T23:48:03+08:00][sql] SELECT * FROM `sts_admin_token` WHERE  `aid` = 6  AND `token` = '9b1e7030-NkA2YzE2-5942ba6e-NTdlNTli' LIMIT 1 [ RunTime:0.006130s ]
[2022-11-18T23:48:03+08:00][sql] SHOW FULL COLUMNS FROM `sts_admin` [ RunTime:0.001626s ]
[2022-11-18T23:48:03+08:00][sql] SELECT * FROM `sts_admin` WHERE  `aid` = 6 LIMIT 1 [ RunTime:0.002451s ]
[2022-11-18T23:48:03+08:00][sql] SHOW FULL COLUMNS FROM `sts_admin_group` [ RunTime:0.000869s ]
[2022-11-18T23:48:03+08:00][sql] SELECT * FROM `sts_admin_group` WHERE  `id` = 1 [ RunTime:0.001614s ]
[2022-11-18T23:48:03+08:00][sql] SELECT * FROM `sts_admin_group` WHERE  `id` = 1 [ RunTime:0.000820s ]
[2022-11-18T23:48:03+08:00][sql] SELECT * FROM `sts_admin_group` WHERE  `id` = 1 [ RunTime:0.000390s ]
[2022-11-18T23:48:03+08:00][sql] SELECT * FROM `sts_admin_group` WHERE  `id` = 1 [ RunTime:0.000953s ]
[2022-11-18T23:48:03+08:00][sql] SELECT * FROM `sts_admin_group` WHERE  `id` = 1 [ RunTime:0.000082s ]
[2022-11-18T23:48:03+08:00][sql] SHOW FULL COLUMNS FROM `sts_config` [ RunTime:0.000769s ]
[2022-11-18T23:48:03+08:00][sql] SELECT * FROM `sts_config` WHERE  `group` = 'admin_theme' [ RunTime:0.000421s ]
[2022-11-18T23:48:08+08:00][sql] CONNECT:[ UseTime:0.001932s ] mysql:host=localhost;port=3306;dbname=testaa;charset=utf8
[2022-11-18T23:48:08+08:00][sql] SHOW FULL COLUMNS FROM `sts_admin_token` [ RunTime:0.003141s ]
[2022-11-18T23:48:08+08:00][sql] SELECT * FROM `sts_admin_token` WHERE  `aid` = 6  AND `token` = '9b1e7030-NkA2YzE2-5942ba6e-NTdlNTli' LIMIT 1 [ RunTime:0.001074s ]
[2022-11-18T23:48:08+08:00][sql] SHOW FULL COLUMNS FROM `sts_admin` [ RunTime:0.000692s ]
[2022-11-18T23:48:08+08:00][sql] SELECT * FROM `sts_admin` WHERE  `aid` = 6 LIMIT 1 [ RunTime:0.000658s ]
[2022-11-18T23:48:08+08:00][sql] SHOW FULL COLUMNS FROM `sts_admin_group` [ RunTime:0.000722s ]
[2022-11-18T23:48:08+08:00][sql] SELECT * FROM `sts_admin_group` WHERE  `id` = 1 [ RunTime:0.000213s ]
[2022-11-18T23:48:08+08:00][sql] SELECT * FROM `sts_admin_group` WHERE  `id` = 1 [ RunTime:0.000099s ]
[2022-11-18T23:48:08+08:00][sql] SELECT * FROM `sts_admin_group` WHERE  `id` = 1 [ RunTime:0.000069s ]
[2022-11-18T23:48:08+08:00][sql] SELECT * FROM `sts_admin_group` WHERE  `id` = 1 [ RunTime:0.000062s ]
[2022-11-18T23:48:08+08:00][sql] SHOW FULL COLUMNS FROM `sts_config` [ RunTime:0.000555s ]
[2022-11-18T23:48:08+08:00][sql] SELECT * FROM `sts_config` WHERE  `group` = 'admin_theme' [ RunTime:0.000565s ]
[2022-11-18T23:48:08+08:00][sql] SHOW FULL COLUMNS FROM `sts_admin_rule` [ RunTime:0.000537s ]
[2022-11-18T23:48:08+08:00][sql] SELECT * FROM `sts_admin_rule` [ RunTime:0.000178s ]
[2022-11-18T23:48:09+08:00][sql] CONNECT:[ UseTime:0.002963s ] mysql:host=localhost;port=3306;dbname=testaa;charset=utf8
[2022-11-18T23:48:09+08:00][sql] SHOW FULL COLUMNS FROM `sts_admin_token` [ RunTime:0.007894s ]
[2022-11-18T23:48:09+08:00][sql] SELECT * FROM `sts_admin_token` WHERE  `aid` = 6  AND `token` = '9b1e7030-NkA2YzE2-5942ba6e-NTdlNTli' LIMIT 1 [ RunTime:0.008294s ]
[2022-11-18T23:48:09+08:00][sql] SHOW FULL COLUMNS FROM `sts_admin` [ RunTime:0.002492s ]
[2022-11-18T23:48:09+08:00][sql] SELECT * FROM `sts_admin` WHERE  `aid` = 6 LIMIT 1 [ RunTime:0.001445s ]
[2022-11-18T23:48:09+08:00][sql] SHOW FULL COLUMNS FROM `sts_admin_group` [ RunTime:0.001096s ]
[2022-11-18T23:48:09+08:00][sql] SELECT * FROM `sts_admin_group` WHERE  `id` = 1 [ RunTime:0.001064s ]
[2022-11-18T23:48:09+08:00][sql] SELECT * FROM `sts_admin_group` WHERE  `id` = 1 [ RunTime:0.000421s ]
[2022-11-18T23:48:09+08:00][sql] SELECT * FROM `sts_admin_group` WHERE  `id` = 1 [ RunTime:0.000114s ]
[2022-11-18T23:48:09+08:00][sql] SELECT * FROM `sts_admin_group` WHERE  `id` = 1 [ RunTime:0.000073s ]
[2022-11-18T23:48:09+08:00][sql] SELECT * FROM `sts_admin_group` WHERE  `id` = 1 [ RunTime:0.000079s ]
[2022-11-18T23:48:09+08:00][sql] SHOW FULL COLUMNS FROM `sts_config` [ RunTime:0.000632s ]
[2022-11-18T23:48:09+08:00][sql] SELECT * FROM `sts_config` WHERE  `group` = 'admin_theme' [ RunTime:0.000659s ]
[2022-11-18T23:48:09+08:00][sql] SELECT `value` FROM `sts_config` WHERE  `name` = 'group' LIMIT 1 [ RunTime:0.000150s ]
[2022-11-18T23:48:09+08:00][sql] SELECT * FROM `sts_config` ORDER BY `weight` ASC [ RunTime:0.001685s ]
[2022-11-18T23:48:09+08:00][sql] CONNECT:[ UseTime:0.002777s ] mysql:host=localhost;port=3306;dbname=testaa;charset=utf8
[2022-11-18T23:48:09+08:00][sql] SHOW FULL COLUMNS FROM `sts_admin_token` [ RunTime:0.003747s ]
[2022-11-18T23:48:09+08:00][sql] SELECT * FROM `sts_admin_token` WHERE  `aid` = 6  AND `token` = '9b1e7030-NkA2YzE2-5942ba6e-NTdlNTli' LIMIT 1 [ RunTime:0.011386s ]
[2022-11-18T23:48:09+08:00][sql] SHOW FULL COLUMNS FROM `sts_admin` [ RunTime:0.001864s ]
[2022-11-18T23:48:09+08:00][sql] SELECT * FROM `sts_admin` WHERE  `aid` = 6 LIMIT 1 [ RunTime:0.000767s ]
[2022-11-18T23:48:09+08:00][sql] SHOW FULL COLUMNS FROM `sts_admin_group` [ RunTime:0.000800s ]
[2022-11-18T23:48:09+08:00][sql] SELECT * FROM `sts_admin_group` WHERE  `id` = 1 [ RunTime:0.000628s ]
[2022-11-18T23:48:09+08:00][sql] SELECT * FROM `sts_admin_group` WHERE  `id` = 1 [ RunTime:0.000162s ]
[2022-11-18T23:48:09+08:00][sql] SELECT * FROM `sts_admin_group` WHERE  `id` = 1 [ RunTime:0.000309s ]
[2022-11-18T23:48:09+08:00][sql] SELECT * FROM `sts_admin_group` WHERE  `id` = 1 [ RunTime:0.000139s ]
[2022-11-18T23:48:09+08:00][sql] SELECT * FROM `sts_admin_group` WHERE  `id` = 1 [ RunTime:0.000092s ]
[2022-11-18T23:48:09+08:00][sql] SHOW FULL COLUMNS FROM `sts_config` [ RunTime:0.000589s ]
[2022-11-18T23:48:09+08:00][sql] SELECT * FROM `sts_config` WHERE  `group` = 'admin_theme' [ RunTime:0.000722s ]
[2022-11-18T23:48:10+08:00][sql] CONNECT:[ UseTime:0.001075s ] mysql:host=localhost;port=3306;dbname=testaa;charset=utf8
[2022-11-18T23:48:10+08:00][sql] SHOW FULL COLUMNS FROM `sts_admin_token` [ RunTime:0.003098s ]
[2022-11-18T23:48:10+08:00][sql] SELECT * FROM `sts_admin_token` WHERE  `aid` = 6  AND `token` = '9b1e7030-NkA2YzE2-5942ba6e-NTdlNTli' LIMIT 1 [ RunTime:0.000544s ]
[2022-11-18T23:48:10+08:00][sql] SHOW FULL COLUMNS FROM `sts_admin` [ RunTime:0.000613s ]
[2022-11-18T23:48:10+08:00][sql] SELECT * FROM `sts_admin` WHERE  `aid` = 6 LIMIT 1 [ RunTime:0.000230s ]
[2022-11-18T23:48:10+08:00][sql] SHOW FULL COLUMNS FROM `sts_admin_group` [ RunTime:0.000478s ]
[2022-11-18T23:48:10+08:00][sql] SELECT * FROM `sts_admin_group` WHERE  `id` = 1 [ RunTime:0.000175s ]
[2022-11-18T23:48:10+08:00][sql] SELECT * FROM `sts_admin_group` WHERE  `id` = 1 [ RunTime:0.000086s ]
[2022-11-18T23:48:10+08:00][sql] SELECT * FROM `sts_admin_group` WHERE  `id` = 1 [ RunTime:0.000068s ]
[2022-11-18T23:48:10+08:00][sql] SELECT * FROM `sts_admin_group` WHERE  `id` = 1 [ RunTime:0.000263s ]
[2022-11-18T23:48:10+08:00][sql] SHOW FULL COLUMNS FROM `sts_config` [ RunTime:0.000556s ]
[2022-11-18T23:48:10+08:00][sql] SELECT * FROM `sts_config` WHERE  `group` = 'admin_theme' [ RunTime:0.000500s ]
[2022-11-18T23:48:10+08:00][sql] SHOW FULL COLUMNS FROM `sts_admin_rule` [ RunTime:0.000596s ]
[2022-11-18T23:48:10+08:00][sql] SELECT * FROM `sts_admin_rule` [ RunTime:0.000440s ]
[2022-11-18T23:48:11+08:00][sql] CONNECT:[ UseTime:0.001116s ] mysql:host=localhost;port=3306;dbname=testaa;charset=utf8
[2022-11-18T23:48:11+08:00][sql] SHOW FULL COLUMNS FROM `sts_admin_token` [ RunTime:0.003137s ]
[2022-11-18T23:48:11+08:00][sql] SELECT * FROM `sts_admin_token` WHERE  `aid` = 6  AND `token` = '9b1e7030-NkA2YzE2-5942ba6e-NTdlNTli' LIMIT 1 [ RunTime:0.002165s ]
[2022-11-18T23:48:11+08:00][sql] SHOW FULL COLUMNS FROM `sts_admin` [ RunTime:0.002633s ]
[2022-11-18T23:48:11+08:00][sql] SELECT * FROM `sts_admin` WHERE  `aid` = 6 LIMIT 1 [ RunTime:0.001304s ]
[2022-11-18T23:48:11+08:00][sql] SHOW FULL COLUMNS FROM `sts_admin_group` [ RunTime:0.001249s ]
[2022-11-18T23:48:11+08:00][sql] SELECT * FROM `sts_admin_group` WHERE  `id` = 1 [ RunTime:0.001066s ]
[2022-11-18T23:48:11+08:00][sql] SELECT * FROM `sts_admin_group` WHERE  `id` = 1 [ RunTime:0.000606s ]
[2022-11-18T23:48:11+08:00][sql] SELECT * FROM `sts_admin_group` WHERE  `id` = 1 [ RunTime:0.000509s ]
[2022-11-18T23:48:11+08:00][sql] SELECT * FROM `sts_admin_group` WHERE  `id` = 1 [ RunTime:0.000268s ]
[2022-11-18T23:48:11+08:00][sql] SELECT * FROM `sts_admin_group` WHERE  `id` = 1 [ RunTime:0.000464s ]
[2022-11-18T23:48:11+08:00][sql] SHOW FULL COLUMNS FROM `sts_config` [ RunTime:0.001701s ]
[2022-11-18T23:48:11+08:00][sql] SELECT * FROM `sts_config` WHERE  `group` = 'admin_theme' [ RunTime:0.001377s ]
[2022-11-18T23:48:11+08:00][sql] SELECT `value` FROM `sts_config` WHERE  `name` = 'group' LIMIT 1 [ RunTime:0.000982s ]
[2022-11-18T23:48:11+08:00][sql] SELECT * FROM `sts_config` ORDER BY `weight` ASC [ RunTime:0.000255s ]
[2022-11-18T23:48:11+08:00][sql] CONNECT:[ UseTime:0.002340s ] mysql:host=localhost;port=3306;dbname=testaa;charset=utf8
[2022-11-18T23:48:11+08:00][sql] SHOW FULL COLUMNS FROM `sts_admin_token` [ RunTime:0.012959s ]
[2022-11-18T23:48:11+08:00][sql] SELECT * FROM `sts_admin_token` WHERE  `aid` = 6  AND `token` = '9b1e7030-NkA2YzE2-5942ba6e-NTdlNTli' LIMIT 1 [ RunTime:0.003166s ]
[2022-11-18T23:48:11+08:00][sql] SHOW FULL COLUMNS FROM `sts_admin` [ RunTime:0.000804s ]
[2022-11-18T23:48:11+08:00][sql] SELECT * FROM `sts_admin` WHERE  `aid` = 6 LIMIT 1 [ RunTime:0.000946s ]
[2022-11-18T23:48:11+08:00][sql] SHOW FULL COLUMNS FROM `sts_admin_group` [ RunTime:0.001275s ]
[2022-11-18T23:48:11+08:00][sql] SELECT * FROM `sts_admin_group` WHERE  `id` = 1 [ RunTime:0.001315s ]
[2022-11-18T23:48:11+08:00][sql] SELECT * FROM `sts_admin_group` WHERE  `id` = 1 [ RunTime:0.001221s ]
[2022-11-18T23:48:11+08:00][sql] SELECT * FROM `sts_admin_group` WHERE  `id` = 1 [ RunTime:0.000557s ]
[2022-11-18T23:48:11+08:00][sql] SELECT * FROM `sts_admin_group` WHERE  `id` = 1 [ RunTime:0.000260s ]
[2022-11-18T23:48:11+08:00][sql] SELECT * FROM `sts_admin_group` WHERE  `id` = 1 [ RunTime:0.000439s ]
[2022-11-18T23:48:11+08:00][sql] SHOW FULL COLUMNS FROM `sts_config` [ RunTime:0.001488s ]
[2022-11-18T23:48:11+08:00][sql] SELECT * FROM `sts_config` WHERE  `group` = 'admin_theme' [ RunTime:0.001105s ]
