[2022-11-21T10:32:08+08:00][sql] CONNECT:[ UseTime:0.000959s ] mysql:host=localhost;port=3306;dbname=testaa;charset=utf8
[2022-11-21T10:32:08+08:00][sql] SHOW FULL COLUMNS FROM `sts_admin_token` [ RunTime:0.001354s ]
[2022-11-21T10:32:08+08:00][sql] SELECT * FROM `sts_admin_token` WHERE  `aid` = 6  AND `token` = '9b1e7030-NkA2YzE2-5942ba6e-NTdlNTli' LIMIT 1 [ RunTime:0.004505s ]
[2022-11-21T10:32:08+08:00][sql] SHOW FULL COLUMNS FROM `sts_admin` [ RunTime:0.001793s ]
[2022-11-21T10:32:08+08:00][sql] SELECT * FROM `sts_admin` WHERE  `aid` = 6 LIMIT 1 [ RunTime:0.000985s ]
[2022-11-21T10:32:08+08:00][sql] SHOW FULL COLUMNS FROM `sts_admin_group` [ RunTime:0.000669s ]
[2022-11-21T10:32:08+08:00][sql] SELECT * FROM `sts_admin_group` WHERE  `id` = 1 [ RunTime:0.000722s ]
[2022-11-21T10:32:08+08:00][sql] SELECT * FROM `sts_admin_group` WHERE  `id` = 1 [ RunTime:0.004517s ]
[2022-11-21T10:32:08+08:00][sql] SELECT * FROM `sts_admin_group` WHERE  `id` = 1 [ RunTime:0.001540s ]
[2022-11-21T10:32:08+08:00][sql] SELECT * FROM `sts_admin_group` WHERE  `id` = 1 [ RunTime:0.001713s ]
[2022-11-21T10:32:08+08:00][sql] SELECT * FROM `sts_admin_group` WHERE  `id` = 1 [ RunTime:0.005178s ]
[2022-11-21T10:32:08+08:00][sql] SHOW FULL COLUMNS FROM `sts_config` [ RunTime:0.002614s ]
[2022-11-21T10:32:08+08:00][sql] SELECT * FROM `sts_config` WHERE  `group` = 'admin_theme' [ RunTime:0.001459s ]
[2022-11-21T10:32:08+08:00][sql] SELECT `value` FROM `sts_config` WHERE  `name` = 'group' LIMIT 1 [ RunTime:0.001781s ]
[2022-11-21T10:32:08+08:00][sql] SELECT * FROM `sts_config` ORDER BY `weight` ASC [ RunTime:0.003369s ]
[2022-11-21T10:32:08+08:00][sql] CONNECT:[ UseTime:0.001062s ] mysql:host=localhost;port=3306;dbname=testaa;charset=utf8
[2022-11-21T10:32:08+08:00][sql] SHOW FULL COLUMNS FROM `sts_admin_token` [ RunTime:0.001505s ]
[2022-11-21T10:32:08+08:00][sql] SELECT * FROM `sts_admin_token` WHERE  `aid` = 6  AND `token` = '9b1e7030-NkA2YzE2-5942ba6e-NTdlNTli' LIMIT 1 [ RunTime:0.001384s ]
[2022-11-21T10:32:08+08:00][sql] SHOW FULL COLUMNS FROM `sts_admin` [ RunTime:0.000721s ]
[2022-11-21T10:32:08+08:00][sql] SELECT * FROM `sts_admin` WHERE  `aid` = 6 LIMIT 1 [ RunTime:0.002054s ]
[2022-11-21T10:32:08+08:00][sql] SHOW FULL COLUMNS FROM `sts_admin_group` [ RunTime:0.001836s ]
[2022-11-21T10:32:08+08:00][sql] SELECT * FROM `sts_admin_group` WHERE  `id` = 1 [ RunTime:0.001291s ]
[2022-11-21T10:32:08+08:00][sql] SELECT * FROM `sts_admin_group` WHERE  `id` = 1 [ RunTime:0.003117s ]
[2022-11-21T10:32:08+08:00][sql] SELECT * FROM `sts_admin_group` WHERE  `id` = 1 [ RunTime:0.003489s ]
[2022-11-21T10:32:08+08:00][sql] SELECT * FROM `sts_admin_group` WHERE  `id` = 1 [ RunTime:0.002139s ]
[2022-11-21T10:32:08+08:00][sql] SELECT * FROM `sts_admin_group` WHERE  `id` = 1 [ RunTime:0.000548s ]
[2022-11-21T10:32:08+08:00][sql] SHOW FULL COLUMNS FROM `sts_config` [ RunTime:0.010247s ]
[2022-11-21T10:32:08+08:00][sql] SELECT * FROM `sts_config` WHERE  `group` = 'admin_theme' [ RunTime:0.001436s ]
[2022-11-21T16:18:00+08:00][sql] CONNECT:[ UseTime:0.008009s ] mysql:host=localhost;port=3306;dbname=testaa;charset=utf8
[2022-11-21T16:18:00+08:00][sql] SHOW FULL COLUMNS FROM `sts_admin_token` [ RunTime:0.017092s ]
[2022-11-21T16:18:00+08:00][sql] SELECT * FROM `sts_admin_token` WHERE  `aid` = 6  AND `token` = '9b1e7030-NkA2YzE2-5942ba6e-NTdlNTli' LIMIT 1 [ RunTime:0.001779s ]
[2022-11-21T16:18:00+08:00][sql] SHOW FULL COLUMNS FROM `sts_admin` [ RunTime:0.003694s ]
[2022-11-21T16:18:00+08:00][sql] SELECT * FROM `sts_admin` WHERE  `aid` = 6 LIMIT 1 [ RunTime:0.002065s ]
[2022-11-21T16:18:00+08:00][sql] SHOW FULL COLUMNS FROM `sts_admin_group` [ RunTime:0.001517s ]
[2022-11-21T16:18:00+08:00][sql] SELECT * FROM `sts_admin_group` WHERE  `id` = 1 [ RunTime:0.000535s ]
[2022-11-21T16:18:00+08:00][sql] SELECT * FROM `sts_admin_group` WHERE  `id` = 1 [ RunTime:0.000100s ]
[2022-11-21T16:18:00+08:00][sql] SELECT * FROM `sts_admin_group` WHERE  `id` = 1 [ RunTime:0.000066s ]
[2022-11-21T16:18:00+08:00][sql] SELECT * FROM `sts_admin_group` WHERE  `id` = 1 [ RunTime:0.000172s ]
[2022-11-21T16:18:00+08:00][sql] SHOW FULL COLUMNS FROM `sts_config` [ RunTime:0.001517s ]
[2022-11-21T16:18:00+08:00][sql] SELECT * FROM `sts_config` WHERE  `group` = 'admin_theme' [ RunTime:0.002238s ]
[2022-11-21T16:18:00+08:00][sql] SHOW FULL COLUMNS FROM `sts_admin_rule` [ RunTime:0.004272s ]
[2022-11-21T16:18:00+08:00][sql] SELECT * FROM `sts_admin_rule` [ RunTime:0.002440s ]
[2022-11-21T16:18:01+08:00][sql] CONNECT:[ UseTime:0.011368s ] mysql:host=localhost;port=3306;dbname=testaa;charset=utf8
[2022-11-21T16:18:01+08:00][sql] SHOW FULL COLUMNS FROM `sts_admin_token` [ RunTime:0.023751s ]
[2022-11-21T16:18:01+08:00][sql] SELECT * FROM `sts_admin_token` WHERE  `aid` = 6  AND `token` = '9b1e7030-NkA2YzE2-5942ba6e-NTdlNTli' LIMIT 1 [ RunTime:0.004905s ]
[2022-11-21T16:18:01+08:00][sql] SHOW FULL COLUMNS FROM `sts_admin` [ RunTime:0.001995s ]
[2022-11-21T16:18:01+08:00][sql] SELECT * FROM `sts_admin` WHERE  `aid` = 6 LIMIT 1 [ RunTime:0.003795s ]
[2022-11-21T16:18:01+08:00][sql] SHOW FULL COLUMNS FROM `sts_admin_group` [ RunTime:0.003004s ]
[2022-11-21T16:18:01+08:00][sql] SELECT * FROM `sts_admin_group` WHERE  `id` = 1 [ RunTime:0.001479s ]
[2022-11-21T16:18:01+08:00][sql] SELECT * FROM `sts_admin_group` WHERE  `id` = 1 [ RunTime:0.000925s ]
[2022-11-21T16:18:01+08:00][sql] SELECT * FROM `sts_admin_group` WHERE  `id` = 1 [ RunTime:0.000076s ]
[2022-11-21T16:18:01+08:00][sql] SELECT * FROM `sts_admin_group` WHERE  `id` = 1 [ RunTime:0.000328s ]
[2022-11-21T16:18:01+08:00][sql] SELECT * FROM `sts_admin_group` WHERE  `id` = 1 [ RunTime:0.000060s ]
[2022-11-21T16:18:01+08:00][sql] SHOW FULL COLUMNS FROM `sts_config` [ RunTime:0.002345s ]
[2022-11-21T16:18:01+08:00][sql] SELECT * FROM `sts_config` WHERE  `group` = 'admin_theme' [ RunTime:0.007168s ]
[2022-11-21T16:18:01+08:00][sql] SELECT `value` FROM `sts_config` WHERE  `name` = 'group' LIMIT 1 [ RunTime:0.000173s ]
[2022-11-21T16:18:01+08:00][sql] SELECT * FROM `sts_config` ORDER BY `weight` ASC [ RunTime:0.000120s ]
[2022-11-21T16:18:01+08:00][sql] CONNECT:[ UseTime:0.013804s ] mysql:host=localhost;port=3306;dbname=testaa;charset=utf8
[2022-11-21T16:18:01+08:00][sql] SHOW FULL COLUMNS FROM `sts_admin_token` [ RunTime:0.024708s ]
[2022-11-21T16:18:01+08:00][sql] SELECT * FROM `sts_admin_token` WHERE  `aid` = 6  AND `token` = '9b1e7030-NkA2YzE2-5942ba6e-NTdlNTli' LIMIT 1 [ RunTime:0.007386s ]
[2022-11-21T16:18:01+08:00][sql] SHOW FULL COLUMNS FROM `sts_admin` [ RunTime:0.004438s ]
[2022-11-21T16:18:01+08:00][sql] SELECT * FROM `sts_admin` WHERE  `aid` = 6 LIMIT 1 [ RunTime:0.004803s ]
[2022-11-21T16:18:01+08:00][sql] SHOW FULL COLUMNS FROM `sts_admin_group` [ RunTime:0.002472s ]
[2022-11-21T16:18:01+08:00][sql] SELECT * FROM `sts_admin_group` WHERE  `id` = 1 [ RunTime:0.001665s ]
[2022-11-21T16:18:01+08:00][sql] SELECT * FROM `sts_admin_group` WHERE  `id` = 1 [ RunTime:0.000335s ]
[2022-11-21T16:18:01+08:00][sql] SELECT * FROM `sts_admin_group` WHERE  `id` = 1 [ RunTime:0.000079s ]
[2022-11-21T16:18:01+08:00][sql] SELECT * FROM `sts_admin_group` WHERE  `id` = 1 [ RunTime:0.000073s ]
[2022-11-21T16:18:01+08:00][sql] SELECT * FROM `sts_admin_group` WHERE  `id` = 1 [ RunTime:0.000065s ]
[2022-11-21T16:18:01+08:00][sql] SHOW FULL COLUMNS FROM `sts_config` [ RunTime:0.001688s ]
[2022-11-21T16:18:01+08:00][sql] SELECT * FROM `sts_config` WHERE  `group` = 'admin_theme' [ RunTime:0.008232s ]
[2022-11-21T16:20:54+08:00][sql] CONNECT:[ UseTime:0.005248s ] mysql:host=localhost;port=3306;dbname=testaa;charset=utf8
[2022-11-21T16:20:54+08:00][sql] SHOW FULL COLUMNS FROM `sts_admin` [ RunTime:0.013968s ]
[2022-11-21T16:20:54+08:00][sql] SHOW FULL COLUMNS FROM `sts_admin_token` [ RunTime:0.005665s ]
[2022-11-21T16:20:54+08:00][sql] SELECT * FROM `sts_admin_token` WHERE  `aid` = 6  AND `token` = '9b1e7030-NkA2YzE2-5942ba6e-NTdlNTli' LIMIT 1 [ RunTime:0.002886s ]
[2022-11-21T16:20:54+08:00][sql] SELECT * FROM `sts_admin` WHERE  `aid` = 6 LIMIT 1 [ RunTime:0.001333s ]
[2022-11-21T16:20:54+08:00][sql] SHOW FULL COLUMNS FROM `sts_admin_group` [ RunTime:0.000757s ]
[2022-11-21T16:20:54+08:00][sql] SELECT * FROM `sts_admin_group` WHERE  `id` = 1 [ RunTime:0.000516s ]
[2022-11-21T16:20:54+08:00][sql] SELECT * FROM `sts_admin_group` WHERE  `id` = 1 [ RunTime:0.000095s ]
[2022-11-21T16:20:54+08:00][sql] SELECT * FROM `sts_admin_group` WHERE  `id` = 1 [ RunTime:0.000067s ]
[2022-11-21T16:20:54+08:00][sql] SELECT * FROM `sts_admin_group` WHERE  `id` = 1 [ RunTime:0.000077s ]
[2022-11-21T16:20:54+08:00][sql] SELECT * FROM `sts_admin_group` WHERE  `id` = 1 [ RunTime:0.000081s ]
[2022-11-21T16:20:54+08:00][sql] SHOW FULL COLUMNS FROM `sts_config` [ RunTime:0.000442s ]
[2022-11-21T16:20:54+08:00][sql] SELECT * FROM `sts_config` WHERE  `group` = 'admin_theme' [ RunTime:0.000347s ]
[2022-11-21T16:20:54+08:00][sql] SELECT COUNT(*) AS think_count FROM `sts_admin` LIMIT 1 [ RunTime:0.002177s ]
[2022-11-21T16:20:54+08:00][sql] SELECT * FROM `sts_admin` LIMIT 0,12 [ RunTime:0.000072s ]
[2022-11-21T16:20:55+08:00][sql] CONNECT:[ UseTime:0.007374s ] mysql:host=localhost;port=3306;dbname=testaa;charset=utf8
[2022-11-21T16:20:55+08:00][sql] SHOW FULL COLUMNS FROM `sts_admin_group` [ RunTime:0.012204s ]
[2022-11-21T16:20:55+08:00][sql] SHOW FULL COLUMNS FROM `sts_admin_token` [ RunTime:0.006257s ]
[2022-11-21T16:20:55+08:00][sql] SELECT * FROM `sts_admin_token` WHERE  `aid` = 6  AND `token` = '9b1e7030-NkA2YzE2-5942ba6e-NTdlNTli' LIMIT 1 [ RunTime:0.003680s ]
[2022-11-21T16:20:55+08:00][sql] SHOW FULL COLUMNS FROM `sts_admin` [ RunTime:0.000731s ]
[2022-11-21T16:20:55+08:00][sql] SELECT * FROM `sts_admin` WHERE  `aid` = 6 LIMIT 1 [ RunTime:0.001919s ]
[2022-11-21T16:20:55+08:00][sql] SELECT * FROM `sts_admin_group` WHERE  `id` = 1 [ RunTime:0.000961s ]
[2022-11-21T16:20:55+08:00][sql] SELECT * FROM `sts_admin_group` WHERE  `id` = 1 [ RunTime:0.000078s ]
[2022-11-21T16:20:55+08:00][sql] SELECT * FROM `sts_admin_group` WHERE  `id` = 1 [ RunTime:0.000279s ]
[2022-11-21T16:20:55+08:00][sql] SELECT * FROM `sts_admin_group` WHERE  `id` = 1 [ RunTime:0.000062s ]
[2022-11-21T16:20:55+08:00][sql] SELECT * FROM `sts_admin_group` WHERE  `id` = 1 [ RunTime:0.000062s ]
[2022-11-21T16:20:55+08:00][sql] SHOW FULL COLUMNS FROM `sts_config` [ RunTime:0.000456s ]
[2022-11-21T16:20:55+08:00][sql] SELECT * FROM `sts_config` WHERE  `group` = 'admin_theme' [ RunTime:0.001875s ]
[2022-11-21T16:20:55+08:00][sql] SELECT COUNT(*) AS think_count FROM `sts_admin_group` LIMIT 1 [ RunTime:0.002726s ]
[2022-11-21T16:20:55+08:00][sql] SELECT * FROM `sts_admin_group` LIMIT 0,12 [ RunTime:0.000677s ]
[2022-11-21T16:20:58+08:00][sql] CONNECT:[ UseTime:0.004841s ] mysql:host=localhost;port=3306;dbname=testaa;charset=utf8
[2022-11-21T16:20:58+08:00][sql] SHOW FULL COLUMNS FROM `sts_admin_group` [ RunTime:0.009058s ]
[2022-11-21T16:20:58+08:00][sql] SHOW FULL COLUMNS FROM `sts_admin_token` [ RunTime:0.005533s ]
[2022-11-21T16:20:58+08:00][sql] SELECT * FROM `sts_admin_token` WHERE  `aid` = 6  AND `token` = '9b1e7030-NkA2YzE2-5942ba6e-NTdlNTli' LIMIT 1 [ RunTime:0.002465s ]
[2022-11-21T16:20:58+08:00][sql] SHOW FULL COLUMNS FROM `sts_admin` [ RunTime:0.001128s ]
[2022-11-21T16:20:58+08:00][sql] SELECT * FROM `sts_admin` WHERE  `aid` = 6 LIMIT 1 [ RunTime:0.000539s ]
[2022-11-21T16:20:58+08:00][sql] SELECT * FROM `sts_admin_group` WHERE  `id` = 1 [ RunTime:0.000143s ]
[2022-11-21T16:20:58+08:00][sql] SELECT * FROM `sts_admin_group` WHERE  `id` = 1 [ RunTime:0.000095s ]
[2022-11-21T16:20:58+08:00][sql] SELECT * FROM `sts_admin_group` WHERE  `id` = 1 [ RunTime:0.000064s ]
[2022-11-21T16:20:58+08:00][sql] SELECT * FROM `sts_admin_group` WHERE  `id` = 1 [ RunTime:0.000068s ]
[2022-11-21T16:20:58+08:00][sql] SELECT * FROM `sts_admin_group` WHERE  `id` = 1 [ RunTime:0.000060s ]
[2022-11-21T16:20:58+08:00][sql] SHOW FULL COLUMNS FROM `sts_config` [ RunTime:0.000933s ]
[2022-11-21T16:20:58+08:00][sql] SELECT * FROM `sts_config` WHERE  `group` = 'admin_theme' [ RunTime:0.000920s ]
[2022-11-21T16:20:58+08:00][sql] SELECT * FROM `sts_admin_group` WHERE  `id` = 2 LIMIT 1 [ RunTime:0.000250s ]
[2022-11-21T16:20:58+08:00][sql] SHOW FULL COLUMNS FROM `sts_admin_rule` [ RunTime:0.000914s ]
[2022-11-21T16:20:58+08:00][sql] SELECT `title`,`id`,`pid` FROM `sts_admin_rule` [ RunTime:0.000612s ]
[2022-11-21T16:21:02+08:00][sql] CONNECT:[ UseTime:0.000513s ] mysql:host=localhost;port=3306;dbname=testaa;charset=utf8
[2022-11-21T16:21:02+08:00][sql] SHOW FULL COLUMNS FROM `sts_admin_token` [ RunTime:0.005032s ]
[2022-11-21T16:21:02+08:00][sql] SELECT * FROM `sts_admin_token` WHERE  `aid` = 6  AND `token` = '9b1e7030-NkA2YzE2-5942ba6e-NTdlNTli' LIMIT 1 [ RunTime:0.000504s ]
[2022-11-21T16:21:02+08:00][sql] SHOW FULL COLUMNS FROM `sts_admin` [ RunTime:0.000853s ]
[2022-11-21T16:21:02+08:00][sql] SELECT * FROM `sts_admin` WHERE  `aid` = 6 LIMIT 1 [ RunTime:0.001095s ]
[2022-11-21T16:21:02+08:00][sql] SHOW FULL COLUMNS FROM `sts_admin_group` [ RunTime:0.000624s ]
[2022-11-21T16:21:02+08:00][sql] SELECT * FROM `sts_admin_group` WHERE  `id` = 1 [ RunTime:0.000329s ]
[2022-11-21T16:21:02+08:00][sql] SELECT * FROM `sts_admin_group` WHERE  `id` = 1 [ RunTime:0.000096s ]
[2022-11-21T16:21:02+08:00][sql] SELECT * FROM `sts_admin_group` WHERE  `id` = 1 [ RunTime:0.000072s ]
[2022-11-21T16:21:02+08:00][sql] SELECT * FROM `sts_admin_group` WHERE  `id` = 1 [ RunTime:0.000089s ]
[2022-11-21T16:21:02+08:00][sql] SHOW FULL COLUMNS FROM `sts_config` [ RunTime:0.000426s ]
[2022-11-21T16:21:02+08:00][sql] SELECT * FROM `sts_config` WHERE  `group` = 'admin_theme' [ RunTime:0.001903s ]
[2022-11-21T16:21:02+08:00][sql] SHOW FULL COLUMNS FROM `sts_admin_rule` [ RunTime:0.000451s ]
[2022-11-21T16:21:02+08:00][sql] SELECT * FROM `sts_admin_rule` [ RunTime:0.000347s ]
[2022-11-21T16:21:02+08:00][sql] CONNECT:[ UseTime:0.000357s ] mysql:host=localhost;port=3306;dbname=testaa;charset=utf8
[2022-11-21T16:21:02+08:00][sql] SHOW FULL COLUMNS FROM `sts_admin_token` [ RunTime:0.004509s ]
[2022-11-21T16:21:02+08:00][sql] SELECT * FROM `sts_admin_token` WHERE  `aid` = 6  AND `token` = '9b1e7030-NkA2YzE2-5942ba6e-NTdlNTli' LIMIT 1 [ RunTime:0.000850s ]
[2022-11-21T16:21:02+08:00][sql] SHOW FULL COLUMNS FROM `sts_admin` [ RunTime:0.000490s ]
[2022-11-21T16:21:02+08:00][sql] SELECT * FROM `sts_admin` WHERE  `aid` = 6 LIMIT 1 [ RunTime:0.000650s ]
[2022-11-21T16:21:02+08:00][sql] SHOW FULL COLUMNS FROM `sts_admin_group` [ RunTime:0.000637s ]
[2022-11-21T16:21:02+08:00][sql] SELECT * FROM `sts_admin_group` WHERE  `id` = 1 [ RunTime:0.000339s ]
[2022-11-21T16:21:02+08:00][sql] SELECT * FROM `sts_admin_group` WHERE  `id` = 1 [ RunTime:0.000089s ]
[2022-11-21T16:21:02+08:00][sql] SELECT * FROM `sts_admin_group` WHERE  `id` = 1 [ RunTime:0.000092s ]
[2022-11-21T16:21:02+08:00][sql] SELECT * FROM `sts_admin_group` WHERE  `id` = 1 [ RunTime:0.000063s ]
[2022-11-21T16:21:02+08:00][sql] SELECT * FROM `sts_admin_group` WHERE  `id` = 1 [ RunTime:0.000061s ]
[2022-11-21T16:21:02+08:00][sql] SHOW FULL COLUMNS FROM `sts_config` [ RunTime:0.000620s ]
[2022-11-21T16:21:02+08:00][sql] SELECT * FROM `sts_config` WHERE  `group` = 'admin_theme' [ RunTime:0.001647s ]
[2022-11-21T16:21:09+08:00][sql] CONNECT:[ UseTime:0.000624s ] mysql:host=localhost;port=3306;dbname=testaa;charset=utf8
[2022-11-21T16:21:09+08:00][sql] SHOW FULL COLUMNS FROM `sts_admin_token` [ RunTime:0.005740s ]
[2022-11-21T16:21:09+08:00][sql] SELECT * FROM `sts_admin_token` WHERE  `aid` = 6  AND `token` = '9b1e7030-NkA2YzE2-5942ba6e-NTdlNTli' LIMIT 1 [ RunTime:0.001132s ]
[2022-11-21T16:21:09+08:00][sql] SHOW FULL COLUMNS FROM `sts_admin` [ RunTime:0.000774s ]
[2022-11-21T16:21:09+08:00][sql] SELECT * FROM `sts_admin` WHERE  `aid` = 6 LIMIT 1 [ RunTime:0.000501s ]
[2022-11-21T16:21:09+08:00][sql] SHOW FULL COLUMNS FROM `sts_admin_group` [ RunTime:0.000451s ]
[2022-11-21T16:21:09+08:00][sql] SELECT * FROM `sts_admin_group` WHERE  `id` = 1 [ RunTime:0.000342s ]
[2022-11-21T16:21:09+08:00][sql] SELECT * FROM `sts_admin_group` WHERE  `id` = 1 [ RunTime:0.000097s ]
[2022-11-21T16:21:09+08:00][sql] SELECT * FROM `sts_admin_group` WHERE  `id` = 1 [ RunTime:0.000282s ]
[2022-11-21T16:21:09+08:00][sql] SELECT * FROM `sts_admin_group` WHERE  `id` = 1 [ RunTime:0.000069s ]
[2022-11-21T16:21:09+08:00][sql] SHOW FULL COLUMNS FROM `sts_config` [ RunTime:0.000623s ]
[2022-11-21T16:21:09+08:00][sql] SELECT * FROM `sts_config` WHERE  `group` = 'admin_theme' [ RunTime:0.003056s ]
[2022-11-21T16:21:09+08:00][sql] SHOW FULL COLUMNS FROM `sts_admin_rule` [ RunTime:0.000487s ]
[2022-11-21T16:21:09+08:00][sql] SELECT * FROM `sts_admin_rule` [ RunTime:0.001016s ]
[2022-11-21T16:21:09+08:00][sql] CONNECT:[ UseTime:0.001232s ] mysql:host=localhost;port=3306;dbname=testaa;charset=utf8
[2022-11-21T16:21:09+08:00][sql] SHOW FULL COLUMNS FROM `sts_admin_token` [ RunTime:0.006739s ]
[2022-11-21T16:21:09+08:00][sql] SELECT * FROM `sts_admin_token` WHERE  `aid` = 6  AND `token` = '9b1e7030-NkA2YzE2-5942ba6e-NTdlNTli' LIMIT 1 [ RunTime:0.001124s ]
[2022-11-21T16:21:09+08:00][sql] SHOW FULL COLUMNS FROM `sts_admin` [ RunTime:0.000974s ]
[2022-11-21T16:21:09+08:00][sql] SELECT * FROM `sts_admin` WHERE  `aid` = 6 LIMIT 1 [ RunTime:0.000581s ]
[2022-11-21T16:21:09+08:00][sql] SHOW FULL COLUMNS FROM `sts_admin_group` [ RunTime:0.000859s ]
[2022-11-21T16:21:09+08:00][sql] SELECT * FROM `sts_admin_group` WHERE  `id` = 1 [ RunTime:0.000406s ]
[2022-11-21T16:21:09+08:00][sql] SELECT * FROM `sts_admin_group` WHERE  `id` = 1 [ RunTime:0.000113s ]
[2022-11-21T16:21:09+08:00][sql] SELECT * FROM `sts_admin_group` WHERE  `id` = 1 [ RunTime:0.000083s ]
[2022-11-21T16:21:09+08:00][sql] SELECT * FROM `sts_admin_group` WHERE  `id` = 1 [ RunTime:0.000070s ]
[2022-11-21T16:21:09+08:00][sql] SELECT * FROM `sts_admin_group` WHERE  `id` = 1 [ RunTime:0.000081s ]
[2022-11-21T16:21:09+08:00][sql] SHOW FULL COLUMNS FROM `sts_config` [ RunTime:0.001560s ]
[2022-11-21T16:21:09+08:00][sql] SELECT * FROM `sts_config` WHERE  `group` = 'admin_theme' [ RunTime:0.002643s ]
