[2022-11-14T22:37:04+08:00][sql] CONNECT:[ UseTime:0.003697s ] mysql:host=localhost;port=3306;dbname=saetio;charset=utf8
[2022-11-14T22:37:04+08:00][error] [10501]SQLSTATE[42S02]: Base table or view not found: 1146 Table 'saetio.saet_config' doesn't exist[/media/psf/qianmokeji/SaetAdmin/saet.io/vendor/topthink/think-orm/src/db/PDOConnection.php:797]
[2022-11-14T22:37:05+08:00][sql] CONNECT:[ UseTime:0.000881s ] mysql:host=localhost;port=3306;dbname=saetio;charset=utf8
[2022-11-14T22:37:05+08:00][error] [10501]SQLSTATE[42S02]: Base table or view not found: 1146 Table 'saetio.saet_config' doesn't exist[/media/psf/qianmokeji/SaetAdmin/saet.io/vendor/topthink/think-orm/src/db/PDOConnection.php:797]
[2022-11-14T22:37:05+08:00][sql] CONNECT:[ UseTime:0.001544s ] mysql:host=localhost;port=3306;dbname=saetio;charset=utf8
[2022-11-14T22:37:05+08:00][error] [10501]SQLSTATE[42S02]: Base table or view not found: 1146 Table 'saetio.saet_config' doesn't exist[/media/psf/qianmokeji/SaetAdmin/saet.io/vendor/topthink/think-orm/src/db/PDOConnection.php:797]
[2022-11-14T22:37:05+08:00][sql] CONNECT:[ UseTime:0.001281s ] mysql:host=localhost;port=3306;dbname=saetio;charset=utf8
[2022-11-14T22:37:05+08:00][error] [10501]SQLSTATE[42S02]: Base table or view not found: 1146 Table 'saetio.saet_config' doesn't exist[/media/psf/qianmokeji/SaetAdmin/saet.io/vendor/topthink/think-orm/src/db/PDOConnection.php:797]
[2022-11-14T22:37:05+08:00][sql] CONNECT:[ UseTime:0.001552s ] mysql:host=localhost;port=3306;dbname=saetio;charset=utf8
[2022-11-14T22:37:05+08:00][error] [10501]SQLSTATE[42S02]: Base table or view not found: 1146 Table 'saetio.saet_config' doesn't exist[/media/psf/qianmokeji/SaetAdmin/saet.io/vendor/topthink/think-orm/src/db/PDOConnection.php:797]
[2022-11-14T22:37:06+08:00][sql] CONNECT:[ UseTime:0.001057s ] mysql:host=localhost;port=3306;dbname=saetio;charset=utf8
[2022-11-14T22:37:06+08:00][error] [10501]SQLSTATE[42S02]: Base table or view not found: 1146 Table 'saetio.saet_config' doesn't exist[/media/psf/qianmokeji/SaetAdmin/saet.io/vendor/topthink/think-orm/src/db/PDOConnection.php:797]
[2022-11-14T22:37:06+08:00][sql] CONNECT:[ UseTime:0.000501s ] mysql:host=localhost;port=3306;dbname=saetio;charset=utf8
[2022-11-14T22:37:06+08:00][error] [10501]SQLSTATE[42S02]: Base table or view not found: 1146 Table 'saetio.saet_config' doesn't exist[/media/psf/qianmokeji/SaetAdmin/saet.io/vendor/topthink/think-orm/src/db/PDOConnection.php:797]
[2022-11-14T22:37:06+08:00][sql] CONNECT:[ UseTime:0.000818s ] mysql:host=localhost;port=3306;dbname=saetio;charset=utf8
[2022-11-14T22:37:06+08:00][error] [10501]SQLSTATE[42S02]: Base table or view not found: 1146 Table 'saetio.saet_config' doesn't exist[/media/psf/qianmokeji/SaetAdmin/saet.io/vendor/topthink/think-orm/src/db/PDOConnection.php:797]
[2022-11-14T22:37:24+08:00][sql] CONNECT:[ UseTime:0.004038s ] mysql:host=localhost;port=3306;dbname=saetio;charset=utf8
[2022-11-14T22:37:24+08:00][error] [10501]SQLSTATE[42S02]: Base table or view not found: 1146 Table 'saetio.stconfig' doesn't exist[/media/psf/qianmokeji/SaetAdmin/saet.io/vendor/topthink/think-orm/src/db/PDOConnection.php:797]
[2022-11-14T22:37:28+08:00][sql] CONNECT:[ UseTime:0.001697s ] mysql:host=localhost;port=3306;dbname=saetio;charset=utf8
[2022-11-14T22:37:28+08:00][sql] SHOW FULL COLUMNS FROM `st_config` [ RunTime:0.007338s ]
[2022-11-14T22:37:28+08:00][sql] SELECT * FROM `st_config` WHERE  `group` = 'admin_theme' [ RunTime:0.004718s ]
[2022-11-14T22:37:34+08:00][sql] CONNECT:[ UseTime:0.004572s ] mysql:host=localhost;port=3306;dbname=saetio;charset=utf8
[2022-11-14T22:37:34+08:00][sql] SHOW FULL COLUMNS FROM `st_config` [ RunTime:0.007294s ]
[2022-11-14T22:37:34+08:00][sql] SELECT * FROM `st_config` WHERE  `group` = 'admin_theme' [ RunTime:0.000818s ]
[2022-11-14T22:38:06+08:00][sql] CONNECT:[ UseTime:0.003315s ] mysql:host=localhost;port=3306;dbname=saetio;charset=utf8
[2022-11-14T22:38:06+08:00][sql] SHOW FULL COLUMNS FROM `st_config` [ RunTime:0.005515s ]
[2022-11-14T22:38:06+08:00][sql] SELECT * FROM `st_config` WHERE  `group` = 'admin_theme' [ RunTime:0.001654s ]
[2022-11-14T22:38:06+08:00][sql] CONNECT:[ UseTime:0.001885s ] mysql:host=localhost;port=3306;dbname=saetio;charset=utf8
[2022-11-14T22:38:06+08:00][sql] SHOW FULL COLUMNS FROM `st_config` [ RunTime:0.003229s ]
[2022-11-14T22:38:06+08:00][sql] SELECT * FROM `st_config` WHERE  `group` = 'admin_theme' [ RunTime:0.002543s ]
[2022-11-14T22:38:06+08:00][sql] CONNECT:[ UseTime:0.001100s ] mysql:host=localhost;port=3306;dbname=saetio;charset=utf8
[2022-11-14T22:38:06+08:00][sql] SHOW FULL COLUMNS FROM `st_config` [ RunTime:0.003058s ]
[2022-11-14T22:38:06+08:00][sql] SELECT * FROM `st_config` WHERE  `group` = 'admin_theme' [ RunTime:0.001424s ]
[2022-11-14T22:38:07+08:00][sql] CONNECT:[ UseTime:0.001172s ] mysql:host=localhost;port=3306;dbname=saetio;charset=utf8
[2022-11-14T22:38:07+08:00][sql] SHOW FULL COLUMNS FROM `st_config` [ RunTime:0.002583s ]
[2022-11-14T22:38:07+08:00][sql] SELECT * FROM `st_config` WHERE  `group` = 'admin_theme' [ RunTime:0.001988s ]
[2022-11-14T22:38:36+08:00][error] [10501]SQLSTATE[HY000] [1045] Access denied for user ''@'localhost' (using password: YES)[/media/psf/qianmokeji/SaetAdmin/saet.io/vendor/topthink/think-orm/src/db/PDOConnection.php:797]
[2022-11-14T22:42:05+08:00][error] [0]数据库配置未定义:tempMysql1[/media/psf/qianmokeji/SaetAdmin/saet.io/vendor/topthink/think-orm/src/DbManager.php:248]
