[2022-11-15T10:19:03+08:00][error] [0]数据库配置未定义:mysql[/media/psf/qianmokeji/SaetAdmin/saet.io/vendor/topthink/think-orm/src/DbManager.php:248]
[2022-11-15T10:22:50+08:00][sql] CONNECT:[ UseTime:0.000904s ] mysql:host=localhost;port=3306;dbname=testaa;charset=utf8
[2022-11-15T10:22:50+08:00][sql] select 1 [ RunTime:0.000379s ]
[2022-11-15T10:42:44+08:00][sql] CONNECT:[ UseTime:0.000925s ] mysql:host=localhost;port=3306;dbname=testaa;charset=utf8
[2022-11-15T10:42:44+08:00][sql] select 1 [ RunTime:0.000304s ]
[2022-11-15T10:47:48+08:00][sql] CONNECT:[ UseTime:0.000946s ] mysql:host=localhost;port=3306;dbname=testaa;charset=utf8
[2022-11-15T10:47:48+08:00][sql] select 1 [ RunTime:0.000310s ]
[2022-11-15T11:35:07+08:00][sql] CONNECT:[ UseTime:0.004675s ] mysql:host=localhost;port=3306;dbname=testaa;charset=utf8
[2022-11-15T11:35:07+08:00][sql] select 1 [ RunTime:0.003631s ]
[2022-11-15T11:38:34+08:00][sql] CONNECT:[ UseTime:0.000686s ] mysql:host=localhost;port=3306;dbname=testaa;charset=utf8
[2022-11-15T11:38:34+08:00][sql] select 1 [ RunTime:0.000412s ]
[2022-11-15T11:38:34+08:00][error] [10501]SQLSTATE[42000]: Syntax error or access violation: 1064 You have an error in your SQL syntax; check the manual that corresponds to your MySQL server version for the right syntax to use near 'SET FOREIGN_KEY_CHECKS = 0;

-- ----------------------------
-- Table structure ' at line 2[/media/psf/qianmokeji/SaetAdmin/saet.io/vendor/topthink/think-orm/src/db/PDOConnection.php:797]
[2022-11-15T11:41:12+08:00][sql] CONNECT:[ UseTime:0.001052s ] mysql:host=localhost;port=3306;dbname=testaa;charset=utf8
[2022-11-15T11:41:12+08:00][sql] select 1 [ RunTime:0.001038s ]
[2022-11-15T11:41:12+08:00][error] [10501]SQLSTATE[42000]: Syntax error or access violation: 1064 You have an error in your SQL syntax; check the manual that corresponds to your MySQL server version for the right syntax to use near 'DROP TABLE IF EXISTS `st_admin`;
CREATE TABLE `st_admin` (
  `aid` int NOT NULL ' at line 6[/media/psf/qianmokeji/SaetAdmin/saet.io/vendor/topthink/think-orm/src/db/PDOConnection.php:797]
[2022-11-15T11:43:58+08:00][sql] CONNECT:[ UseTime:0.000936s ] mysql:host=localhost;port=3306;dbname=testaa;charset=utf8
[2022-11-15T11:43:58+08:00][sql] select 1 [ RunTime:0.000632s ]
[2022-11-15T11:43:58+08:00][error] [10501]SQLSTATE[42000]: Syntax error or access violation: 1064 You have an error in your SQL syntax; check the manual that corresponds to your MySQL server version for the right syntax to use near 'DROP TABLE IF EXISTS `fa_admin`;
CREATE TABLE `fa_admin` (
  `id` int(10) unsign' at line 11[/media/psf/qianmokeji/SaetAdmin/saet.io/vendor/topthink/think-orm/src/db/PDOConnection.php:797]
[2022-11-15T11:49:22+08:00][sql] CONNECT:[ UseTime:0.001035s ] mysql:host=localhost;port=3306;dbname=testaa;charset=utf8
[2022-11-15T11:49:22+08:00][sql] select 1 [ RunTime:0.000531s ]
[2022-11-15T11:51:07+08:00][sql] CONNECT:[ UseTime:0.000658s ] mysql:host=localhost;port=3306;dbname=testaa;charset=utf8
[2022-11-15T11:51:07+08:00][sql] select 1 [ RunTime:0.000621s ]
[2022-11-15T11:52:28+08:00][error] [0]Call to a member function exec() on bool[/media/psf/qianmokeji/SaetAdmin/saet.io/saet/install.php:56]
[2022-11-15T11:52:43+08:00][error] [0]Call to a member function exec() on bool[/media/psf/qianmokeji/SaetAdmin/saet.io/saet/install.php:56]
[2022-11-15T11:53:22+08:00][sql] CONNECT:[ UseTime:0.000894s ] mysql:host=localhost;port=3306;dbname=testaa;charset=utf8
[2022-11-15T11:53:22+08:00][sql] select 1 [ RunTime:0.000269s ]
[2022-11-15T11:53:25+08:00][sql] CONNECT:[ UseTime:0.000634s ] mysql:host=localhost;port=3306;dbname=testaa;charset=utf8
[2022-11-15T11:53:25+08:00][sql] select 1 [ RunTime:0.000557s ]
[2022-11-15T11:53:30+08:00][sql] CONNECT:[ UseTime:0.000439s ] mysql:host=localhost;port=3306;dbname=testaa;charset=utf8
[2022-11-15T11:53:30+08:00][sql] select 1 [ RunTime:0.000205s ]
[2022-11-15T11:53:37+08:00][sql] CONNECT:[ UseTime:0.000402s ] mysql:host=localhost;port=3306;dbname=testaa;charset=utf8
[2022-11-15T11:53:37+08:00][sql] select 1 [ RunTime:0.000257s ]
[2022-11-15T11:54:08+08:00][sql] CONNECT:[ UseTime:0.000600s ] mysql:host=localhost;port=3306;dbname=testaa;charset=utf8
[2022-11-15T11:54:08+08:00][sql] select 1 [ RunTime:0.000290s ]
[2022-11-15T11:54:28+08:00][sql] CONNECT:[ UseTime:0.001454s ] mysql:host=localhost;port=3306;dbname=testaa;charset=utf8
[2022-11-15T11:54:28+08:00][sql] select 1 [ RunTime:0.000233s ]
[2022-11-15T14:40:44+08:00][error] [0]Non-static method app\admin\library\AdminAuth::register() cannot be called statically[/media/psf/qianmokeji/SaetAdmin/saet.io/saet/install.php:23]
[2022-11-15T14:41:23+08:00][error] [0]Class "app\admin\library\User" not found[/media/psf/qianmokeji/SaetAdmin/saet.io/vendor/topthink/framework/src/helper.php:532]
[2022-11-15T14:42:23+08:00][error] [0]Non-static method app\admin\library\AdminAuth::getEncryptPassword() cannot be called statically[/media/psf/qianmokeji/SaetAdmin/saet.io/app/admin/library/AdminAuth.php:107]
[2022-11-15T14:42:41+08:00][error] [0]Non-static method app\admin\library\AdminAuth::getEncryptPassword() cannot be called statically[/media/psf/qianmokeji/SaetAdmin/saet.io/app/admin/library/AdminAuth.php:107]
[2022-11-15T14:42:53+08:00][error] [0]Non-static method app\admin\library\AdminAuth::getEncryptPassword() cannot be called statically[/media/psf/qianmokeji/SaetAdmin/saet.io/app/admin/library/AdminAuth.php:107]
[2022-11-15T14:42:54+08:00][error] [0]Non-static method app\admin\library\AdminAuth::getEncryptPassword() cannot be called statically[/media/psf/qianmokeji/SaetAdmin/saet.io/app/admin/library/AdminAuth.php:107]
[2022-11-15T14:42:54+08:00][error] [0]Non-static method app\admin\library\AdminAuth::getEncryptPassword() cannot be called statically[/media/psf/qianmokeji/SaetAdmin/saet.io/app/admin/library/AdminAuth.php:107]
[2022-11-15T14:43:09+08:00][sql] CONNECT:[ UseTime:0.017757s ] mysql:host=localhost;port=3306;dbname=saetio;charset=utf8
[2022-11-15T14:43:09+08:00][sql] SHOW FULL COLUMNS FROM `st_admin` [ RunTime:0.019864s ]
[2022-11-15T14:43:09+08:00][sql] SELECT `aid` FROM `st_admin` WHERE  `username` = 'sss' LIMIT 1 [ RunTime:0.004774s ]
[2022-11-15T14:43:09+08:00][error] [0]Non-static method app\admin\library\AdminAuth::getEncryptPassword() cannot be called statically[/media/psf/qianmokeji/SaetAdmin/saet.io/app/admin/library/AdminAuth.php:107]
[2022-11-15T14:43:17+08:00][sql] CONNECT:[ UseTime:0.005477s ] mysql:host=localhost;port=3306;dbname=saetio;charset=utf8
[2022-11-15T14:43:17+08:00][sql] SHOW FULL COLUMNS FROM `st_admin` [ RunTime:0.009505s ]
[2022-11-15T14:43:17+08:00][sql] SELECT `aid` FROM `st_admin` WHERE  `username` = 'sss' LIMIT 1 [ RunTime:0.001070s ]
[2022-11-15T14:43:17+08:00][error] [0]Non-static method app\admin\library\AdminAuth::getEncryptPassword() cannot be called statically[/media/psf/qianmokeji/SaetAdmin/saet.io/app/admin/library/AdminAuth.php:107]
[2022-11-15T14:43:23+08:00][error] [0]Non-static method app\admin\library\AdminAuth::getEncryptPassword() cannot be called statically[/media/psf/qianmokeji/SaetAdmin/saet.io/app/admin/library/AdminAuth.php:107]
[2022-11-15T14:43:27+08:00][sql] CONNECT:[ UseTime:0.001829s ] mysql:host=localhost;port=3306;dbname=saetio;charset=utf8
[2022-11-15T14:43:27+08:00][error] [10501]SQLSTATE[42S02]: Base table or view not found: 1146 Table 'saetio.st_admin1' doesn't exist[/media/psf/qianmokeji/SaetAdmin/saet.io/vendor/topthink/think-orm/src/db/PDOConnection.php:797]
[2022-11-15T14:43:29+08:00][sql] CONNECT:[ UseTime:0.000575s ] mysql:host=localhost;port=3306;dbname=saetio;charset=utf8
[2022-11-15T14:43:29+08:00][error] [10501]SQLSTATE[42S02]: Base table or view not found: 1146 Table 'saetio.st_admin1' doesn't exist[/media/psf/qianmokeji/SaetAdmin/saet.io/vendor/topthink/think-orm/src/db/PDOConnection.php:797]
[2022-11-15T14:43:29+08:00][sql] CONNECT:[ UseTime:0.000313s ] mysql:host=localhost;port=3306;dbname=saetio;charset=utf8
[2022-11-15T14:43:29+08:00][error] [10501]SQLSTATE[42S02]: Base table or view not found: 1146 Table 'saetio.st_admin1' doesn't exist[/media/psf/qianmokeji/SaetAdmin/saet.io/vendor/topthink/think-orm/src/db/PDOConnection.php:797]
[2022-11-15T14:43:29+08:00][sql] CONNECT:[ UseTime:0.000859s ] mysql:host=localhost;port=3306;dbname=saetio;charset=utf8
[2022-11-15T14:43:29+08:00][error] [10501]SQLSTATE[42S02]: Base table or view not found: 1146 Table 'saetio.st_admin1' doesn't exist[/media/psf/qianmokeji/SaetAdmin/saet.io/vendor/topthink/think-orm/src/db/PDOConnection.php:797]
[2022-11-15T14:44:37+08:00][sql] CONNECT:[ UseTime:0.001317s ] mysql:host=localhost;port=3306;dbname=saetio;charset=utf8
[2022-11-15T14:44:37+08:00][sql] SHOW FULL COLUMNS FROM `st_admin` [ RunTime:0.003977s ]
[2022-11-15T14:44:37+08:00][sql] SELECT `aid` FROM `st_admin` WHERE  `username` = 'sss' LIMIT 1 [ RunTime:0.001132s ]
[2022-11-15T14:44:37+08:00][error] [0]Non-static method app\admin\library\AdminAuth::getEncryptPassword() cannot be called statically[/media/psf/qianmokeji/SaetAdmin/saet.io/app/admin/library/AdminAuth.php:107]
[2022-11-15T14:48:11+08:00][sql] CONNECT:[ UseTime:0.003678s ] mysql:host=localhost;port=3306;dbname=saetio;charset=utf8
[2022-11-15T14:48:11+08:00][error] [10501]SQLSTATE[42S02]: Base table or view not found: 1146 Table 'saetio.st_admin1' doesn't exist[/media/psf/qianmokeji/SaetAdmin/saet.io/vendor/topthink/think-orm/src/db/PDOConnection.php:797]
[2022-11-15T14:48:25+08:00][sql] CONNECT:[ UseTime:0.001276s ] mysql:host=localhost;port=3306;dbname=saetio;charset=utf8
[2022-11-15T14:48:25+08:00][sql] SHOW FULL COLUMNS FROM `st_admin` [ RunTime:0.005175s ]
[2022-11-15T14:48:25+08:00][sql] SELECT `aid` FROM `st_admin` WHERE  `username` = 'admin' LIMIT 1 [ RunTime:0.000970s ]
[2022-11-15T14:48:25+08:00][error] [0]Non-static method app\admin\library\AdminAuth::getEncryptPassword() cannot be called statically[/media/psf/qianmokeji/SaetAdmin/saet.io/app/admin/library/AdminAuth.php:107]
[2022-11-15T14:48:39+08:00][error] [0]Non-static method app\admin\library\AdminAuth::getEncryptPassword() cannot be called statically[/media/psf/qianmokeji/SaetAdmin/saet.io/app/admin/library/AdminAuth.php:107]
[2022-11-15T14:48:41+08:00][error] [0]Non-static method app\admin\library\AdminAuth::getEncryptPassword() cannot be called statically[/media/psf/qianmokeji/SaetAdmin/saet.io/app/admin/library/AdminAuth.php:107]
[2022-11-15T14:48:41+08:00][error] [0]Non-static method app\admin\library\AdminAuth::getEncryptPassword() cannot be called statically[/media/psf/qianmokeji/SaetAdmin/saet.io/app/admin/library/AdminAuth.php:107]
[2022-11-15T14:49:07+08:00][sql] CONNECT:[ UseTime:0.000739s ] mysql:host=localhost;port=3306;dbname=saetio;charset=utf8
[2022-11-15T14:49:07+08:00][sql] SHOW FULL COLUMNS FROM `st_admin` [ RunTime:0.004935s ]
[2022-11-15T14:49:07+08:00][sql] SELECT `aid` FROM `st_admin` WHERE  `username` = 'admin' LIMIT 1 [ RunTime:0.000586s ]
[2022-11-15T14:49:07+08:00][error] [0]Non-static method app\admin\library\AdminAuth::getEncryptPassword() cannot be called statically[/media/psf/qianmokeji/SaetAdmin/saet.io/app/admin/library/AdminAuth.php:107]
[2022-11-15T14:49:16+08:00][sql] CONNECT:[ UseTime:0.001896s ] mysql:host=localhost;port=3306;dbname=saetio;charset=utf8
[2022-11-15T14:49:16+08:00][sql] SHOW FULL COLUMNS FROM `st_admin` [ RunTime:0.005180s ]
[2022-11-15T14:49:16+08:00][sql] SELECT `aid` FROM `st_admin` WHERE  `username` = 's' LIMIT 1 [ RunTime:0.001092s ]
[2022-11-15T14:49:16+08:00][error] [0]Non-static method app\admin\library\AdminAuth::getEncryptPassword() cannot be called statically[/media/psf/qianmokeji/SaetAdmin/saet.io/app/admin/library/AdminAuth.php:105]
[2022-11-15T14:49:20+08:00][sql] CONNECT:[ UseTime:0.000998s ] mysql:host=localhost;port=3306;dbname=saetio;charset=utf8
[2022-11-15T14:49:20+08:00][sql] SHOW FULL COLUMNS FROM `st_admin` [ RunTime:0.004431s ]
[2022-11-15T14:49:20+08:00][sql] SELECT `aid` FROM `st_admin` WHERE  `username` = 's' LIMIT 1 [ RunTime:0.001790s ]
[2022-11-15T14:49:20+08:00][error] [0]Non-static method app\admin\library\AdminAuth::getEncryptPassword() cannot be called statically[/media/psf/qianmokeji/SaetAdmin/saet.io/app/admin/library/AdminAuth.php:105]
[2022-11-15T14:50:14+08:00][sql] CONNECT:[ UseTime:0.001329s ] mysql:host=localhost;port=3306;dbname=saetio;charset=utf8
[2022-11-15T14:50:14+08:00][sql] SHOW FULL COLUMNS FROM `st_admin` [ RunTime:0.004742s ]
[2022-11-15T14:50:14+08:00][sql] SELECT `aid` FROM `st_admin` WHERE  `username` = 's' LIMIT 1 [ RunTime:0.001045s ]
[2022-11-15T14:50:35+08:00][sql] CONNECT:[ UseTime:0.002003s ] mysql:host=localhost;port=3306;dbname=saetio;charset=utf8
[2022-11-15T14:50:35+08:00][sql] SHOW FULL COLUMNS FROM `st_admin` [ RunTime:0.004410s ]
[2022-11-15T14:50:35+08:00][sql] SELECT `aid` FROM `st_admin` WHERE  `username` = 'admin' LIMIT 1 [ RunTime:0.000800s ]
[2022-11-15T14:50:53+08:00][sql] CONNECT:[ UseTime:0.001169s ] mysql:host=localhost;port=3306;dbname=saetio;charset=utf8
[2022-11-15T14:50:53+08:00][sql] SHOW FULL COLUMNS FROM `st_admin` [ RunTime:0.003979s ]
[2022-11-15T14:50:53+08:00][sql] SELECT `aid` FROM `st_admin` WHERE  `username` = 'admin' LIMIT 1 [ RunTime:0.000481s ]
[2022-11-15T14:51:34+08:00][sql] CONNECT:[ UseTime:0.001371s ] mysql:host=localhost;port=3306;dbname=saetio;charset=utf8
[2022-11-15T14:51:34+08:00][sql] SHOW FULL COLUMNS FROM `st_admin` [ RunTime:0.004446s ]
[2022-11-15T14:51:34+08:00][sql] SELECT `aid` FROM `st_admin` WHERE  `username` = 'admin1' LIMIT 1 [ RunTime:0.002232s ]
[2022-11-15T14:51:34+08:00][error] [0]Non-static method app\admin\library\AdminAuth::getEncryptPassword() cannot be called statically[/media/psf/qianmokeji/SaetAdmin/saet.io/app/admin/library/AdminAuth.php:105]
[2022-11-15T14:52:01+08:00][sql] CONNECT:[ UseTime:0.006112s ] mysql:host=localhost;port=3306;dbname=saetio;charset=utf8
[2022-11-15T14:52:01+08:00][sql] SHOW FULL COLUMNS FROM `st_admin` [ RunTime:0.005493s ]
[2022-11-15T14:52:01+08:00][sql] SELECT `aid` FROM `st_admin` WHERE  `username` = 'admin1' LIMIT 1 [ RunTime:0.000564s ]
[2022-11-15T14:52:01+08:00][error] [0]Non-static method app\admin\library\AdminAuth::getEncryptPassword() cannot be called statically[/media/psf/qianmokeji/SaetAdmin/saet.io/app/admin/library/AdminAuth.php:105]
[2022-11-15T14:52:13+08:00][sql] CONNECT:[ UseTime:0.001903s ] mysql:host=localhost;port=3306;dbname=saetio;charset=utf8
[2022-11-15T14:52:13+08:00][sql] SHOW FULL COLUMNS FROM `st_admin` [ RunTime:0.004649s ]
[2022-11-15T14:52:13+08:00][sql] SELECT `aid` FROM `st_admin` WHERE  `username` = 'admin1' LIMIT 1 [ RunTime:0.000604s ]
[2022-11-15T14:52:13+08:00][error] [0]Non-static method app\admin\library\AdminAuth::getEncryptPassword() cannot be called statically[/media/psf/qianmokeji/SaetAdmin/saet.io/app/admin/library/AdminAuth.php:105]
[2022-11-15T14:52:47+08:00][sql] CONNECT:[ UseTime:0.003591s ] mysql:host=localhost;port=3306;dbname=saetio;charset=utf8
[2022-11-15T14:52:47+08:00][sql] SHOW FULL COLUMNS FROM `st_admin` [ RunTime:0.006144s ]
[2022-11-15T14:52:47+08:00][sql] SELECT `aid` FROM `st_admin` WHERE  `username` = 'admin1' LIMIT 1 [ RunTime:0.000372s ]
[2022-11-15T14:52:47+08:00][error] [2]Undefined array key "password"[/media/psf/qianmokeji/SaetAdmin/saet.io/app/admin/library/AdminAuth.php:105]
[2022-11-15T14:53:30+08:00][sql] CONNECT:[ UseTime:0.003264s ] mysql:host=localhost;port=3306;dbname=saetio;charset=utf8
[2022-11-15T14:53:30+08:00][sql] SHOW FULL COLUMNS FROM `st_admin` [ RunTime:0.008044s ]
[2022-11-15T14:53:30+08:00][sql] SELECT `aid` FROM `st_admin` WHERE  `username` = 'admin1' LIMIT 1 [ RunTime:0.001666s ]
[2022-11-15T14:54:07+08:00][sql] CONNECT:[ UseTime:0.001214s ] mysql:host=localhost;port=3306;dbname=saetio;charset=utf8
[2022-11-15T14:54:07+08:00][sql] SHOW FULL COLUMNS FROM `st_admin` [ RunTime:0.002680s ]
[2022-11-15T14:54:07+08:00][sql] SELECT `aid` FROM `st_admin` WHERE  `username` = 'admin1' LIMIT 1 [ RunTime:0.001552s ]
[2022-11-15T14:55:27+08:00][sql] CONNECT:[ UseTime:0.004157s ] mysql:host=localhost;port=3306;dbname=saetio;charset=utf8
[2022-11-15T14:55:27+08:00][sql] SHOW FULL COLUMNS FROM `st_admin` [ RunTime:0.007605s ]
[2022-11-15T14:55:27+08:00][sql] SELECT `aid` FROM `st_admin` WHERE  `username` = 'admin1' LIMIT 1 [ RunTime:0.002047s ]
[2022-11-15T14:55:51+08:00][sql] CONNECT:[ UseTime:0.001783s ] mysql:host=localhost;port=3306;dbname=saetio;charset=utf8
[2022-11-15T14:55:51+08:00][sql] SHOW FULL COLUMNS FROM `st_admin` [ RunTime:0.003763s ]
[2022-11-15T14:55:51+08:00][sql] SELECT `aid` FROM `st_admin` WHERE  `username` = 'admin1' LIMIT 1 [ RunTime:0.000282s ]
[2022-11-15T14:55:51+08:00][sql] SELECT `aid` FROM `st_admin` WHERE  `email` = 'email@saet.io' LIMIT 1 [ RunTime:0.000104s ]
[2022-11-15T15:00:56+08:00][sql] CONNECT:[ UseTime:0.004603s ] mysql:host=localhost;port=3306;dbname=saetio;charset=utf8
[2022-11-15T15:00:56+08:00][sql] SHOW FULL COLUMNS FROM `st_admin` [ RunTime:0.008292s ]
[2022-11-15T15:00:56+08:00][sql] SELECT `aid` FROM `st_admin` WHERE  `username` = 'admin1' LIMIT 1 [ RunTime:0.001035s ]
[2022-11-15T15:00:56+08:00][sql] SELECT `aid` FROM `st_admin` WHERE  `email` = 'email@saet.io' LIMIT 1 [ RunTime:0.004584s ]
[2022-11-15T15:01:12+08:00][sql] CONNECT:[ UseTime:0.001740s ] mysql:host=localhost;port=3306;dbname=saetio;charset=utf8
[2022-11-15T15:01:12+08:00][sql] SHOW FULL COLUMNS FROM `st_admin` [ RunTime:0.002778s ]
[2022-11-15T15:01:12+08:00][sql] SELECT `aid` FROM `st_admin` WHERE  `username` = 'admin1' LIMIT 1 [ RunTime:0.000228s ]
[2022-11-15T15:01:12+08:00][sql] SELECT `aid` FROM `st_admin` WHERE  `email` = 'email@saet.io1' LIMIT 1 [ RunTime:0.000088s ]
[2022-11-15T15:01:18+08:00][sql] CONNECT:[ UseTime:0.008154s ] mysql:host=localhost;port=3306;dbname=saetio;charset=utf8
[2022-11-15T15:01:18+08:00][sql] SHOW FULL COLUMNS FROM `st_admin` [ RunTime:0.020576s ]
[2022-11-15T15:01:18+08:00][sql] SELECT `aid` FROM `st_admin` WHERE  `username` = 'admin1' LIMIT 1 [ RunTime:0.005595s ]
[2022-11-15T15:01:18+08:00][sql] SELECT `aid` FROM `st_admin` WHERE  `email` = 'email@saet.ios' LIMIT 1 [ RunTime:0.000163s ]
[2022-11-15T15:01:32+08:00][sql] CONNECT:[ UseTime:0.000500s ] mysql:host=localhost;port=3306;dbname=saetio;charset=utf8
[2022-11-15T15:01:32+08:00][sql] SHOW FULL COLUMNS FROM `st_admin` [ RunTime:0.002078s ]
[2022-11-15T15:01:32+08:00][sql] SELECT `aid` FROM `st_admin` WHERE  `username` = 'admin1' LIMIT 1 [ RunTime:0.000200s ]
[2022-11-15T15:01:32+08:00][sql] SELECT `aid` FROM `st_admin` WHERE  `email` = 'email@saet.ios' LIMIT 1 [ RunTime:0.000324s ]
[2022-11-15T15:01:32+08:00][sql] SELECT `aid` FROM `st_admin` WHERE  `mobile` = '13888888888' LIMIT 1 [ RunTime:0.000077s ]
[2022-11-15T15:02:04+08:00][sql] CONNECT:[ UseTime:0.007100s ] mysql:host=localhost;port=3306;dbname=saetio;charset=utf8
[2022-11-15T15:02:04+08:00][sql] SHOW FULL COLUMNS FROM `st_admin` [ RunTime:0.016384s ]
[2022-11-15T15:02:04+08:00][sql] SELECT `aid` FROM `st_admin` WHERE  `username` = 'admin1' LIMIT 1 [ RunTime:0.000640s ]
[2022-11-15T15:02:04+08:00][sql] SELECT `aid` FROM `st_admin` WHERE  `email` = 'email@saet.ios' LIMIT 1 [ RunTime:0.000483s ]
[2022-11-15T15:02:04+08:00][sql] SELECT `aid` FROM `st_admin` WHERE  `mobile` = '13888888888' LIMIT 1 [ RunTime:0.000105s ]
[2022-11-15T15:02:04+08:00][sql] CONNECT:[ UseTime:0.000887s ] mysql:host=localhost;port=3306;dbname=saetio;charset=utf8
[2022-11-15T15:02:04+08:00][sql] SHOW FULL COLUMNS FROM `st_admin` [ RunTime:0.002937s ]
[2022-11-15T15:02:04+08:00][sql] SELECT `aid` FROM `st_admin` WHERE  `username` = 'admin1' LIMIT 1 [ RunTime:0.000227s ]
[2022-11-15T15:02:04+08:00][sql] SELECT `aid` FROM `st_admin` WHERE  `email` = 'email@saet.ios' LIMIT 1 [ RunTime:0.000084s ]
[2022-11-15T15:02:04+08:00][sql] SELECT `aid` FROM `st_admin` WHERE  `mobile` = '13888888888' LIMIT 1 [ RunTime:0.000062s ]
[2022-11-15T15:02:14+08:00][sql] CONNECT:[ UseTime:0.000988s ] mysql:host=localhost;port=3306;dbname=saetio;charset=utf8
[2022-11-15T15:02:14+08:00][sql] SHOW FULL COLUMNS FROM `st_admin` [ RunTime:0.002537s ]
[2022-11-15T15:02:14+08:00][sql] SELECT `aid` FROM `st_admin` WHERE  `username` = 'admin1' LIMIT 1 [ RunTime:0.001461s ]
[2022-11-15T15:02:14+08:00][sql] SELECT `aid` FROM `st_admin` WHERE  `email` = 'email@saet.ios' LIMIT 1 [ RunTime:0.000136s ]
[2022-11-15T15:02:14+08:00][sql] SELECT `aid` FROM `st_admin` WHERE  `mobile` = '138888888833' LIMIT 1 [ RunTime:0.000067s ]
[2022-11-15T15:02:17+08:00][sql] CONNECT:[ UseTime:0.001061s ] mysql:host=localhost;port=3306;dbname=saetio;charset=utf8
[2022-11-15T15:02:17+08:00][sql] SHOW FULL COLUMNS FROM `st_admin` [ RunTime:0.003063s ]
[2022-11-15T15:02:17+08:00][sql] SELECT `aid` FROM `st_admin` WHERE  `username` = 'admin1' LIMIT 1 [ RunTime:0.000438s ]
[2022-11-15T15:02:17+08:00][sql] SELECT `aid` FROM `st_admin` WHERE  `email` = 'email@saet.ios' LIMIT 1 [ RunTime:0.000091s ]
[2022-11-15T15:02:17+08:00][sql] SELECT `aid` FROM `st_admin` WHERE  `mobile` = '13888888883' LIMIT 1 [ RunTime:0.000257s ]
[2022-11-15T15:02:32+08:00][sql] CONNECT:[ UseTime:0.003376s ] mysql:host=localhost;port=3306;dbname=saetio;charset=utf8
[2022-11-15T15:02:32+08:00][sql] SHOW FULL COLUMNS FROM `st_admin` [ RunTime:0.005278s ]
[2022-11-15T15:02:32+08:00][sql] SELECT `aid` FROM `st_admin` WHERE  `username` = 'admin1' LIMIT 1 [ RunTime:0.001379s ]
[2022-11-15T15:02:32+08:00][sql] SELECT `aid` FROM `st_admin` WHERE  `email` = 'email@saet.ios' LIMIT 1 [ RunTime:0.000387s ]
[2022-11-15T15:02:32+08:00][sql] SELECT `aid` FROM `st_admin` WHERE  `mobile` = '13888888883' LIMIT 1 [ RunTime:0.000104s ]
[2022-11-15T15:03:03+08:00][sql] CONNECT:[ UseTime:0.001271s ] mysql:host=localhost;port=3306;dbname=saetio;charset=utf8
[2022-11-15T15:03:03+08:00][sql] SHOW FULL COLUMNS FROM `st_admin` [ RunTime:0.005360s ]
[2022-11-15T15:03:03+08:00][sql] SELECT `aid` FROM `st_admin` WHERE  `username` = 'admin1' LIMIT 1 [ RunTime:0.000269s ]
[2022-11-15T15:03:23+08:00][sql] CONNECT:[ UseTime:0.002647s ] mysql:host=localhost;port=3306;dbname=saetio;charset=utf8
[2022-11-15T15:03:23+08:00][sql] SHOW FULL COLUMNS FROM `st_admin` [ RunTime:0.006227s ]
[2022-11-15T15:03:23+08:00][sql] SELECT `aid` FROM `st_admin` WHERE  `username` = 'admin1' LIMIT 1 [ RunTime:0.000619s ]
[2022-11-15T15:05:05+08:00][sql] CONNECT:[ UseTime:0.002518s ] mysql:host=localhost;port=3306;dbname=saetio;charset=utf8
[2022-11-15T15:05:05+08:00][sql] SHOW FULL COLUMNS FROM `st_admin` [ RunTime:0.005215s ]
[2022-11-15T15:05:05+08:00][sql] SELECT `aid` FROM `st_admin` WHERE  `username` = 'admin1' LIMIT 1 [ RunTime:0.000359s ]
[2022-11-15T15:05:20+08:00][sql] CONNECT:[ UseTime:0.001246s ] mysql:host=localhost;port=3306;dbname=saetio;charset=utf8
[2022-11-15T15:05:20+08:00][sql] SHOW FULL COLUMNS FROM `st_admin` [ RunTime:0.003760s ]
[2022-11-15T15:05:20+08:00][sql] SELECT `aid` FROM `st_admin` WHERE  `username` = 'admin1' LIMIT 1 [ RunTime:0.003696s ]
[2022-11-15T15:09:12+08:00][sql] CONNECT:[ UseTime:0.003647s ] mysql:host=localhost;port=3306;dbname=saetio;charset=utf8
[2022-11-15T15:09:12+08:00][sql] SHOW FULL COLUMNS FROM `st_admin` [ RunTime:0.004989s ]
[2022-11-15T15:09:12+08:00][sql] SELECT `aid` FROM `st_admin` WHERE  `username` = 'admin1' LIMIT 1 [ RunTime:0.000464s ]
[2022-11-15T15:09:13+08:00][sql] CONNECT:[ UseTime:0.001356s ] mysql:host=localhost;port=3306;dbname=saetio;charset=utf8
[2022-11-15T15:09:13+08:00][sql] SHOW FULL COLUMNS FROM `st_admin` [ RunTime:0.003359s ]
[2022-11-15T15:09:13+08:00][sql] SELECT `aid` FROM `st_admin` WHERE  `username` = 'admin1' LIMIT 1 [ RunTime:0.000266s ]
[2022-11-15T15:09:18+08:00][sql] CONNECT:[ UseTime:0.002111s ] mysql:host=localhost;port=3306;dbname=saetio;charset=utf8
[2022-11-15T15:09:18+08:00][sql] SHOW FULL COLUMNS FROM `st_admin` [ RunTime:0.004192s ]
[2022-11-15T15:09:18+08:00][sql] SELECT `aid` FROM `st_admin` WHERE  `username` = 'admin1' LIMIT 1 [ RunTime:0.000316s ]
[2022-11-15T15:09:18+08:00][error] [10501]SQLSTATE[42S22]: Column not found: 1054 Unknown column 'email1' in 'where clause'[/media/psf/qianmokeji/SaetAdmin/saet.io/vendor/topthink/think-orm/src/db/PDOConnection.php:797]
[2022-11-15T15:09:33+08:00][sql] CONNECT:[ UseTime:0.002546s ] mysql:host=localhost;port=3306;dbname=saetio;charset=utf8
[2022-11-15T15:09:33+08:00][sql] SHOW FULL COLUMNS FROM `st_admin` [ RunTime:0.004940s ]
[2022-11-15T15:09:33+08:00][sql] SELECT `aid` FROM `st_admin` WHERE  `username` = 'admin1' LIMIT 1 [ RunTime:0.000408s ]
[2022-11-15T15:09:33+08:00][sql] SELECT `aid` FROM `st_admin` WHERE  `mobile` = '13888888883' LIMIT 1 [ RunTime:0.001192s ]
[2022-11-15T15:09:39+08:00][sql] CONNECT:[ UseTime:0.001228s ] mysql:host=localhost;port=3306;dbname=saetio;charset=utf8
[2022-11-15T15:09:39+08:00][sql] SHOW FULL COLUMNS FROM `st_admin` [ RunTime:0.002842s ]
[2022-11-15T15:09:39+08:00][sql] SELECT `aid` FROM `st_admin` WHERE  `username` = 'admin1' LIMIT 1 [ RunTime:0.000248s ]
[2022-11-15T15:11:20+08:00][sql] CONNECT:[ UseTime:0.003250s ] mysql:host=localhost;port=3306;dbname=saetio;charset=utf8
[2022-11-15T15:11:20+08:00][sql] SHOW FULL COLUMNS FROM `st_admin` [ RunTime:0.005815s ]
[2022-11-15T15:11:20+08:00][sql] SELECT `aid` FROM `st_admin` WHERE  `username` = 'admin1' LIMIT 1 [ RunTime:0.000523s ]
[2022-11-15T15:11:20+08:00][sql] SELECT `aid` FROM `st_admin` WHERE  `mobile` = '13888888883' LIMIT 1 [ RunTime:0.000171s ]
[2022-11-15T15:11:29+08:00][sql] CONNECT:[ UseTime:0.001117s ] mysql:host=localhost;port=3306;dbname=saetio;charset=utf8
[2022-11-15T15:11:29+08:00][sql] SHOW FULL COLUMNS FROM `st_admin` [ RunTime:0.002925s ]
[2022-11-15T15:11:29+08:00][sql] SELECT `aid` FROM `st_admin` WHERE  `username` = 'admin' LIMIT 1 [ RunTime:0.000281s ]
[2022-11-15T15:15:13+08:00][sql] CONNECT:[ UseTime:0.003093s ] mysql:host=localhost;port=3306;dbname=saetio;charset=utf8
[2022-11-15T15:15:13+08:00][sql] SHOW FULL COLUMNS FROM `st_admin` [ RunTime:0.006012s ]
[2022-11-15T15:15:13+08:00][sql] SELECT `aid` FROM `st_admin` WHERE  `username` = 'admin' LIMIT 1 [ RunTime:0.000422s ]
[2022-11-15T15:39:40+08:00][sql] CONNECT:[ UseTime:0.000376s ] mysql:host=localhost;port=3306;dbname=testaa;charset=utf8
[2022-11-15T15:39:40+08:00][sql] select 1 [ RunTime:0.004431s ]
[2022-11-15T15:39:40+08:00][sql] SHOW FULL COLUMNS FROM `st_admin` [ RunTime:0.002626s ]
[2022-11-15T15:39:40+08:00][error] [10501]SQLSTATE[42S22]: Column not found: 1054 Unknown column 'username' in 'where clause'[/media/psf/qianmokeji/SaetAdmin/saet.io/vendor/topthink/think-orm/src/db/PDOConnection.php:797]
[2022-11-15T15:40:23+08:00][sql] CONNECT:[ UseTime:0.000659s ] mysql:host=localhost;port=3306;dbname=testaa;charset=utf8
[2022-11-15T15:40:23+08:00][sql] select 1 [ RunTime:0.000445s ]
[2022-11-15T15:40:23+08:00][sql] SHOW FULL COLUMNS FROM `st_admin` [ RunTime:0.001622s ]
[2022-11-15T15:40:23+08:00][sql] SELECT `aid` FROM `st_admin` WHERE  `username` = 'admin' LIMIT 1 [ RunTime:0.000778s ]
[2022-11-15T15:40:23+08:00][sql] SELECT `aid` FROM `st_admin` WHERE  `mobile` = '13888888883' LIMIT 1 [ RunTime:0.000067s ]
[2022-11-15T15:40:23+08:00][error] [0]Non-static method think\Model::save() cannot be called statically[/media/psf/qianmokeji/SaetAdmin/saet.io/app/admin/library/AdminAuth.php:100]
[2022-11-15T15:41:46+08:00][sql] CONNECT:[ UseTime:0.001125s ] mysql:host=localhost;port=3306;dbname=testaa;charset=utf8
[2022-11-15T15:41:46+08:00][sql] select 1 [ RunTime:0.000562s ]
[2022-11-15T15:41:46+08:00][sql] SHOW FULL COLUMNS FROM `st_admin` [ RunTime:0.002910s ]
[2022-11-15T15:41:46+08:00][sql] SELECT `aid` FROM `st_admin` WHERE  `username` = 'admin' LIMIT 1 [ RunTime:0.000548s ]
[2022-11-15T15:41:46+08:00][sql] SELECT `aid` FROM `st_admin` WHERE  `mobile` = '13888888883' LIMIT 1 [ RunTime:0.000095s ]
[2022-11-15T15:41:46+08:00][error] [0]Non-static method think\Model::save() cannot be called statically[/media/psf/qianmokeji/SaetAdmin/saet.io/app/admin/library/AdminAuth.php:100]
[2022-11-15T15:50:37+08:00][sql] CONNECT:[ UseTime:0.000309s ] mysql:host=localhost;port=3306;dbname=testaa;charset=utf8
[2022-11-15T15:50:37+08:00][sql] select 1 [ RunTime:0.000317s ]
[2022-11-15T15:50:37+08:00][sql] SHOW FULL COLUMNS FROM `st_admin` [ RunTime:0.002593s ]
[2022-11-15T15:50:37+08:00][sql] SELECT `aid` FROM `st_admin` WHERE  `username` = 'admin' LIMIT 1 [ RunTime:0.000358s ]
[2022-11-15T15:50:37+08:00][sql] SELECT `aid` FROM `st_admin` WHERE  `mobile` = '13888888883' LIMIT 1 [ RunTime:0.000061s ]
[2022-11-15T15:50:37+08:00][sql] INSERT INTO `st_admin` SET `username` = 'admin' , `password` = 'ed593a68b231f638b0e06b5d6867bdbacccfa27d' , `email` = 'email@saet.io' , `mobile` = '13888888883' , `salt` = 'ZE8FAMPS' , `create_time` = '2022-11-15 15:50:37.970933' , `update_time` = '2022-11-15 15:50:37.970949' [ RunTime:0.000184s ]
[2022-11-15T15:51:08+08:00][sql] CONNECT:[ UseTime:0.000385s ] mysql:host=localhost;port=3306;dbname=testaa;charset=utf8
[2022-11-15T15:51:08+08:00][sql] select 1 [ RunTime:0.000442s ]
[2022-11-15T15:51:08+08:00][sql] SHOW FULL COLUMNS FROM `st_admin` [ RunTime:0.001651s ]
[2022-11-15T15:51:08+08:00][sql] SELECT `aid` FROM `st_admin` WHERE  `username` = 'admin' LIMIT 1 [ RunTime:0.000850s ]
[2022-11-15T15:51:08+08:00][sql] SELECT `aid` FROM `st_admin` WHERE  `mobile` = '13888888883' LIMIT 1 [ RunTime:0.000091s ]
[2022-11-15T15:51:08+08:00][sql] INSERT INTO `st_admin` SET `username` = 'admin' , `password` = 'dda2dbecb535d57d0669cbb827e524bfe894f09c' , `email` = 'email@saet.io' , `mobile` = '13888888883' , `salt` = '6S830BNF' , `create_time` = '2022-11-15 15:51:08.534403' , `update_time` = '2022-11-15 15:51:08.534428' [ RunTime:0.000166s ]
[2022-11-15T15:54:31+08:00][sql] CONNECT:[ UseTime:0.001106s ] mysql:host=localhost;port=3306;dbname=testaa;charset=utf8
[2022-11-15T15:54:31+08:00][sql] select 1 [ RunTime:0.000321s ]
[2022-11-15T15:54:31+08:00][sql] SHOW FULL COLUMNS FROM `st_admin` [ RunTime:0.001694s ]
[2022-11-15T15:54:31+08:00][sql] SELECT `aid` FROM `st_admin` WHERE  `username` = 'admin' LIMIT 1 [ RunTime:0.001009s ]
[2022-11-15T15:54:31+08:00][sql] SELECT `aid` FROM `st_admin` WHERE  `mobile` = '13888888883' LIMIT 1 [ RunTime:0.000108s ]
[2022-11-15T15:54:31+08:00][sql] INSERT INTO `st_admin` SET `username` = 'admin' , `password` = '4c032d20221589384d74be0ccb7e283d73aba620' , `email` = 'email@saet.io' , `mobile` = '13888888883' , `salt` = 'NWZ6FV9B' , `create_time` = '2022-11-15 15:54:31.511251' , `update_time` = '2022-11-15 15:54:31.511306' [ RunTime:0.000232s ]
[2022-11-15T15:55:43+08:00][sql] CONNECT:[ UseTime:0.000941s ] mysql:host=localhost;port=3306;dbname=testaa;charset=utf8
[2022-11-15T15:55:43+08:00][sql] select 1 [ RunTime:0.000361s ]
[2022-11-15T15:55:43+08:00][sql] SHOW FULL COLUMNS FROM `st_admin` [ RunTime:0.002757s ]
[2022-11-15T15:55:43+08:00][sql] SELECT `aid` FROM `st_admin` WHERE  `username` = 's' LIMIT 1 [ RunTime:0.000491s ]
[2022-11-15T15:55:50+08:00][sql] CONNECT:[ UseTime:0.000687s ] mysql:host=localhost;port=3306;dbname=testaa;charset=utf8
[2022-11-15T15:55:50+08:00][sql] select 1 [ RunTime:0.000424s ]
[2022-11-15T15:55:50+08:00][sql] SHOW FULL COLUMNS FROM `st_admin` [ RunTime:0.001365s ]
[2022-11-15T15:55:50+08:00][sql] SELECT `aid` FROM `st_admin` WHERE  `username` = 's' LIMIT 1 [ RunTime:0.000871s ]
[2022-11-15T15:55:50+08:00][sql] SELECT `aid` FROM `st_admin` WHERE  `mobile` = '13888888888' LIMIT 1 [ RunTime:0.000332s ]
[2022-11-15T15:55:50+08:00][sql] INSERT INTO `st_admin` SET `username` = 's' , `nickname` = 's' , `password` = 'a606dbf745833343615cac7cde2f5125dd0b36bb' , `email` = 'email@saet.io' , `mobile` = '13888888888' , `salt` = 'ETKLB56S' , `create_time` = '2022-11-15 15:55:50.592947' , `update_time` = '2022-11-15 15:55:50.592964' [ RunTime:0.000149s ]
[2022-11-15T15:56:32+08:00][sql] CONNECT:[ UseTime:0.000352s ] mysql:host=localhost;port=3306;dbname=testaa;charset=utf8
[2022-11-15T15:56:32+08:00][sql] select 1 [ RunTime:0.000228s ]
[2022-11-15T15:56:32+08:00][sql] SHOW FULL COLUMNS FROM `st_admin` [ RunTime:0.002111s ]
[2022-11-15T15:56:32+08:00][sql] SELECT `aid` FROM `st_admin` WHERE  `username` = 's' LIMIT 1 [ RunTime:0.000409s ]
[2022-11-15T15:56:36+08:00][sql] CONNECT:[ UseTime:0.000781s ] mysql:host=localhost;port=3306;dbname=testaa;charset=utf8
[2022-11-15T15:56:36+08:00][sql] select 1 [ RunTime:0.000517s ]
[2022-11-15T15:56:36+08:00][sql] SHOW FULL COLUMNS FROM `st_admin` [ RunTime:0.001159s ]
[2022-11-15T15:56:36+08:00][sql] SELECT `aid` FROM `st_admin` WHERE  `username` = 'ssss' LIMIT 1 [ RunTime:0.000364s ]
[2022-11-15T15:56:38+08:00][sql] CONNECT:[ UseTime:0.000660s ] mysql:host=localhost;port=3306;dbname=testaa;charset=utf8
[2022-11-15T15:56:38+08:00][sql] select 1 [ RunTime:0.000679s ]
[2022-11-15T15:56:38+08:00][sql] SHOW FULL COLUMNS FROM `st_admin` [ RunTime:0.001126s ]
[2022-11-15T15:56:38+08:00][sql] SELECT `aid` FROM `st_admin` WHERE  `username` = 'sssss' LIMIT 1 [ RunTime:0.000284s ]
[2022-11-15T15:56:38+08:00][sql] SELECT `aid` FROM `st_admin` WHERE  `mobile` = '13888888888' LIMIT 1 [ RunTime:0.000065s ]
[2022-11-15T15:56:38+08:00][sql] INSERT INTO `st_admin` SET `username` = 'sssss' , `nickname` = 'sssss' , `password` = '29740f17432a3b5f34685a5af36916f9a47ad162' , `email` = 'email@saet.io' , `mobile` = '13888888888' , `salt` = 'J6KIM92W' , `create_time` = '2022-11-15 15:56:38.570070' , `update_time` = '2022-11-15 15:56:38.570083' [ RunTime:0.000119s ]
[2022-11-15T15:57:54+08:00][sql] CONNECT:[ UseTime:0.001245s ] mysql:host=localhost;port=3306;dbname=testaa;charset=utf8
[2022-11-15T15:57:54+08:00][sql] select 1 [ RunTime:0.000488s ]
[2022-11-15T15:57:54+08:00][sql] SHOW FULL COLUMNS FROM `st_admin` [ RunTime:0.002216s ]
[2022-11-15T15:57:54+08:00][sql] SELECT `aid` FROM `st_admin` WHERE  `username` = 'sssss' LIMIT 1 [ RunTime:0.000678s ]
[2022-11-15T15:57:54+08:00][sql] SELECT `aid` FROM `st_admin` WHERE  `mobile` = '13888888888' LIMIT 1 [ RunTime:0.000075s ]
[2022-11-15T15:57:54+08:00][sql] INSERT INTO `st_admin` SET `group_ids` = '1' , `username` = 'sssss' , `nickname` = 'sssss' , `password` = '567eec8268c504c62e091d07c4d839e1679cca54' , `email` = 'email@saet.io' , `mobile` = '13888888888' , `salt` = 'MIXT5VDR' , `create_time` = '2022-11-15 15:57:54.477830' , `update_time` = '2022-11-15 15:57:54.477867' [ RunTime:0.000142s ]
